Project Information                           c:\maxplus2\projects\cpu\acc.rpt

MAX+plus II Compiler Report File
Version 9.6 3/22/2000
Compiled: 05/07/2017 16:01:56

Copyright (C) 1988-2000 Altera Corporation
Any megafunction design, and related net list (encrypted or decrypted),
support information, device programming or simulation file, and any other
associated documentation or information provided by Altera or a partner
under Altera's Megafunction Partnership Program may be used only to
program PLD devices (but not masked PLD devices) from Altera.  Any other
use of such megafunction design, net list, support information, device
programming or simulation file, or any other related documentation or
information is prohibited for any other purpose, including, but not
limited to modification, reverse engineering, de-compiling, or use with
any other silicon devices, unless such use is explicitly licensed under
a separate agreement with Altera or a megafunction partner.  Title to
the intellectual property, including patents, copyrights, trademarks,
trade secrets, or maskworks, embodied in any such megafunction design,
net list, support information, device programming or simulation file, or
any other related documentation or information provided by Altera or a
megafunction partner, remains with Altera, the megafunction partner, or
their respective licensors.  No other licenses, including any licenses
needed under any third party's intellectual property, are provided herein.



***** Project compilation was successful


Untitled


** DEVICE SUMMARY **

Chip/                     Input Output Bidir  Memory  Memory  			 LCs
POF       Device          Pins  Pins   Pins   Bits % Utilized  LCs  % Utilized

acc       EP1K30TC144-1    10     8      0    0         0  %    8        0  %

User Pins:                 10     8      0  



Project Information                           c:\maxplus2\projects\cpu\acc.rpt

** PROJECT TIMING MESSAGES **

Warning: Timing characteristics of device EP1K30TC144-1 are preliminary


Device-Specific Information:                  c:\maxplus2\projects\cpu\acc.rpt
acc

***** Logic for device 'acc' compiled without errors.




Device: EP1K30TC144-1

ACEX 1K Configuration Scheme: Passive Serial

Device Options:
    User-Supplied Start-Up Clock               = OFF
    Auto-Restart Configuration on Frame Error  = OFF
    Release Clears Before Tri-States           = OFF
    Enable Chip_Wide Reset                     = OFF
    Enable Chip-Wide Output Enable             = OFF
    Enable INIT_DONE Output                    = OFF
    JTAG User Code                             = 7f
    MultiVolt I/O                              = OFF
    Enable Lock Output                         = OFF

                                                                                         
                                                                                         
                R R R   R   R R R R   R   R R   R             R R R     R   R R R R R R  
                E E E   E   E E E E   E   E E   E             E E E     E   E E E E E E  
                S S S   S   S S S S   S   S S   S V           S S S     S   S S S S S S  
                E E E   E   E E E E V E   E E   E C           E E E     E V E E E E E E  
                R R R   R   R R R R C R   R R   R C         o R R R o   R C R R R R R R  
                V V V i V G V V V V C V i V V G V I G G G G u V V V u i V C V V V V V V  
                E E E n E N E E E E I E n E E N E N N N N N t E E E t n E I E E E E E E  
                D D D 0 D D D D D D O D 1 D D D D T D D D D 4 D D D 1 2 D O D D D D D D  
              --------------------------------------------------------------------------_ 
             / 144 142 140 138 136 134 132 130 128 126 124 122 120 118 116 114 112 110   |_ 
            /    143 141 139 137 135 133 131 129 127 125 123 121 119 117 115 113 111 109    | 
      #TCK |  1                                                                         108 | ^DATA0 
^CONF_DONE |  2                                                                         107 | ^DCLK 
     ^nCEO |  3                                                                         106 | ^nCE 
      #TDO |  4                                                                         105 | #TDI 
     VCCIO |  5                                                                         104 | GND 
       GND |  6                                                                         103 | VCCINT 
  RESERVED |  7                                                                         102 | out7 
  RESERVED |  8                                                                         101 | RESERVED 
  RESERVED |  9                                                                         100 | RESERVED 
  RESERVED | 10                                                                          99 | in4 
  RESERVED | 11                                                                          98 | RESERVED 
       in3 | 12                                                                          97 | RESERVED 
      out6 | 13                                                                          96 | RESERVED 
  RESERVED | 14                                                                          95 | RESERVED 
       GND | 15                                                                          94 | VCCIO 
    VCCINT | 16                                                                          93 | GND 
  RESERVED | 17                                                                          92 | RESERVED 
  RESERVED | 18                                                                          91 | out5 
  RESERVED | 19                              EP1K30TC144-1                               90 | RESERVED 
  RESERVED | 20                                                                          89 | RESERVED 
  RESERVED | 21                                                                          88 | RESERVED 
  RESERVED | 22                                                                          87 | RESERVED 
  RESERVED | 23                                                                          86 | out3 
     VCCIO | 24                                                                          85 | VCCINT 
       GND | 25                                                                          84 | GND 
       in6 | 26                                                                          83 | RESERVED 
       in5 | 27                                                                          82 | RESERVED 
  RESERVED | 28                                                                          81 | RESERVED 
  RESERVED | 29                                                                          80 | RESERVED 
         e | 30                                                                          79 | RESERVED 
  RESERVED | 31                                                                          78 | RESERVED 
  RESERVED | 32                                                                          77 | ^MSEL0 
       in7 | 33                                                                          76 | ^MSEL1 
      #TMS | 34                                                                          75 | VCCINT 
  ^nSTATUS | 35                                                                          74 | ^nCONFIG 
  RESERVED | 36                                                                          73 | out2 
           |      38  40  42  44  46  48  50  52  54  56  58  60  62  64  66  68  70  72  _| 
            \   37  39  41  43  45  47  49  51  53  55  57  59  61  63  65  67  69  71   | 
             \--------------------------------------------------------------------------- 
                R R R G R R R R V R R R R V o G V G c G G G R R V R R R R G R R R R V R  
                E E E N E E E E C E E E E C u N C N l N N N E E C E E E E N E E E E C E  
                S S S D S S S S C S S S S C t D C D k D D D S S C S S S S D S S S S C S  
                E E E   E E E E I E E E E I 0   _       _   E E I E E E E   E E E E I E  
                R R R   R R R R O R R R R N     C       C   R R O R R R R   R R R R O R  
                V V V   V V V V   V V V V T     K       K   V V   V V V V   V V V V   V  
                E E E   E E E E   E E E E       L       L   E E   E E E E   E E E E   E  
                D D D   D D D D   D D D D       K       K   D D   D D D D   D D D D   D  
                                                                                         
                                                                                         


N.C. = No Connect. This pin has no internal connection to the device.
VCCINT = Dedicated power pin, which MUST be connected to VCC (2.5 volts).
VCCIO = Dedicated power pin, which MUST be connected to VCC (2.5 volts).
GND = Dedicated ground pin or unused dedicated input, which MUST be connected to GND.
RESERVED = Unused I/O pin, which MUST be left unconnected.

^ = Dedicated configuration pin.
+ = Reserved configuration pin, which is tri-stated during user mode.
* = Reserved configuration pin, which drives out in user mode.
PDn = Power Down pin. 
@ = Special-purpose pin. 
# = JTAG Boundary-Scan Testing/In-System Programming or Configuration Pin. The JTAG inputs TMS and TDI should be tied to VCC and TCK should be tied to GND when not in use.
& = JTAG pin used for I/O. When used as user I/O, JTAG pins must be kept stable before and during configuration.  JTAG pin stability prevents accidental loading of JTAG instructions.
$ = Pin has PCI I/O option enabled. Pin is neither '5.0 V'- nor '3.3 V'-tolerant. 


Device-Specific Information:                  c:\maxplus2\projects\cpu\acc.rpt
acc

** RESOURCE USAGE **

Logic                Column       Row                                   
Array                Interconnect Interconnect         Clears/     External  
Block   Logic Cells  Driven       Driven       Clocks  Presets   Interconnect
E1       4/ 8( 50%)   3/ 8( 37%)   1/ 8( 12%)    1/2    0/2       5/22( 22%)   
E17      2/ 8( 25%)   2/ 8( 25%)   0/ 8(  0%)    1/2    0/2       3/22( 13%)   
F10      1/ 8( 12%)   1/ 8( 12%)   0/ 8(  0%)    1/2    0/2       2/22(  9%)   
F19      1/ 8( 12%)   1/ 8( 12%)   0/ 8(  0%)    1/2    0/2       2/22(  9%)   


Embedded             Column       Row                                   
Array     Embedded   Interconnect Interconnect         Read/      External  
Block     Cells      Driven       Driven       Clocks  Write    Interconnect


Total dedicated input pins used:                 1/6      ( 16%)
Total I/O pins used:                            17/96     ( 17%)
Total logic cells used:                          8/1728   (  0%)
Total embedded cells used:                       0/96     (  0%)
Total EABs used:                                 0/6      (  0%)
Average fan-in:                                 2.00/4    ( 50%)
Total fan-in:                                  16/6912    (  0%)

Total input pins required:                      10
Total input I/O cell registers required:         0
Total output pins required:                      8
Total output I/O cell registers required:        0
Total buried I/O cell registers required:        0
Total bidirectional pins required:               0
Total reserved pins required                     0
Total logic cells required:                      8
Total flipflops required:                        8
Total packed registers required:                 0
Total logic cells in carry chains:               0
Total number of carry chains:                    0
Total logic cells in cascade chains:             0
Total number of cascade chains:                  0
Total single-pin Clock Enables required:         0
Total single-pin Output Enables required:        0

Synthesized logic cells:                         0/1728   (  0%)

Logic Cell and Embedded Cell Counts

Column:  01  02  03  04  05  06  07  08  09  10  11  12  13  14  15  16  17  18  EA  19  20  21  22  23  24  25  26  27  28  29  30  31  32  33  34  35  36  Total(LC/EC)
 A:      0   0   0   0   0   0   0   0   0   0   0   0   0   0   0   0   0   0   0   0   0   0   0   0   0   0   0   0   0   0   0   0   0   0   0   0   0      0/0  
 B:      0   0   0   0   0   0   0   0   0   0   0   0   0   0   0   0   0   0   0   0   0   0   0   0   0   0   0   0   0   0   0   0   0   0   0   0   0      0/0  
 C:      0   0   0   0   0   0   0   0   0   0   0   0   0   0   0   0   0   0   0   0   0   0   0   0   0   0   0   0   0   0   0   0   0   0   0   0   0      0/0  
 D:      0   0   0   0   0   0   0   0   0   0   0   0   0   0   0   0   0   0   0   0   0   0   0   0   0   0   0   0   0   0   0   0   0   0   0   0   0      0/0  
 E:      4   0   0   0   0   0   0   0   0   0   0   0   0   0   0   0   2   0   0   0   0   0   0   0   0   0   0   0   0   0   0   0   0   0   0   0   0      6/0  
 F:      0   0   0   0   0   0   0   0   0   1   0   0   0   0   0   0   0   0   0   1   0   0   0   0   0   0   0   0   0   0   0   0   0   0   0   0   0      2/0  

Total:   4   0   0   0   0   0   0   0   0   1   0   0   0   0   0   0   2   0   0   1   0   0   0   0   0   0   0   0   0   0   0   0   0   0   0   0   0      8/0  



Device-Specific Information:                  c:\maxplus2\projects\cpu\acc.rpt
acc

** INPUTS **

                                                    Fan-In    Fan-Out
 Pin     LC     EC   Row  Col  Primitive    Code      INP  FBK  OUT  FBK  Name
  55      -     -    -    --      INPUT  G          ^    0    0    0    0  clk
  30      -     -    F    --      INPUT             ^    0    0    0    8  e
 141      -     -    -    33      INPUT             ^    0    0    0    1  in0
 132      -     -    -    26      INPUT             ^    0    0    0    1  in1
 117      -     -    -    08      INPUT             ^    0    0    0    1  in2
  12      -     -    C    --      INPUT             ^    0    0    0    1  in3
  99      -     -    B    --      INPUT             ^    0    0    0    1  in4
  27      -     -    E    --      INPUT             ^    0    0    0    1  in5
  26      -     -    E    --      INPUT             ^    0    0    0    1  in6
  33      -     -    F    --      INPUT             ^    0    0    0    1  in7


Code:

s = Synthesized pin or logic cell
+ = Synchronous flipflop
/ = Slow slew-rate output
! = NOT gate push-back
r = Fitter-inserted logic cell
^ = Increased input delay
* = PCI I/O is enabled
@ = Uses single-pin Clock Enable
& = Uses single-pin Output Enable
G = Global Source. Fan-out destinations counted here do not include destinations
that are driven using global routing resources. Refer to the Auto Global Signals,
Clock Signals, Clear Signals, Synchronous Load Signals, and Synchronous Clear Signals
Sections of this Report File for information on which signals' fan-outs are used as
Clock, Clear, Preset, Output Enable, and synchronous Load signals.


Device-Specific Information:                  c:\maxplus2\projects\cpu\acc.rpt
acc

** OUTPUTS **

       Fed By Fed By                                Fan-In    Fan-Out
 Pin     LC     EC   Row  Col  Primitive    Code      INP  FBK  OUT  FBK  Name
  51      -     -    -    20     OUTPUT                 0    1    0    0  out0
 118      -     -    -    09     OUTPUT                 0    1    0    0  out1
  73      -     -    -    01     OUTPUT                 0    1    0    0  out2
  86      -     -    E    --     OUTPUT                 0    1    0    0  out3
 122      -     -    -    18     OUTPUT                 0    1    0    0  out4
  91      -     -    D    --     OUTPUT                 0    1    0    0  out5
  13      -     -    C    --     OUTPUT                 0    1    0    0  out6
 102      -     -    A    --     OUTPUT                 0    1    0    0  out7


Code:

s = Synthesized pin or logic cell
+ = Synchronous flipflop
/ = Slow slew-rate output
! = NOT gate push-back
r = Fitter-inserted logic cell
^ = Increased input delay
* = PCI I/O is enabled
@ = Uses single-pin Clock Enable
& = Uses single-pin Output Enable


Device-Specific Information:                  c:\maxplus2\projects\cpu\acc.rpt
acc

** BURIED LOGIC **

                                                    Fan-In    Fan-Out
 IOC     LC     EC   Row  Col  Primitive    Code      INP  FBK  OUT  FBK  Name
   -      2     -    F    19       DFFE   +            2    0    1    0  d0
   -      4     -    F    10       DFFE   +            2    0    1    0  d1
   -      6     -    E    01       DFFE   +            2    0    1    0  d2
   -      4     -    E    01       DFFE   +            2    0    1    0  d3
   -      1     -    E    17       DFFE   +            2    0    1    0  d4
   -      3     -    E    17       DFFE   +            2    0    1    0  d5
   -      3     -    E    01       DFFE   +            2    0    1    0  d6
   -      1     -    E    01       DFFE   +            2    0    1    0  d7


Code:

s = Synthesized pin or logic cell
+ = Synchronous flipflop
/ = Slow slew-rate output
! = NOT gate push-back
r = Fitter-inserted logic cell
^ = Increased input delay
* = PCI I/O is enabled
p = Packed register


Device-Specific Information:                  c:\maxplus2\projects\cpu\acc.rpt
acc

** FASTTRACK INTERCONNECT UTILIZATION **

Row FastTrack Interconnect:

          Global         Left Half-      Right Half-
         FastTrack       FastTrack       FastTrack 
Row     Interconnect    Interconnect    Interconnect    Input Pins     Output Pins     Bidir Pins
A:       0/144(  0%)     1/ 72(  1%)     0/ 72(  0%)    0/16(  0%)      1/16(  6%)     0/16(  0%)
B:       1/144(  0%)     0/ 72(  0%)     0/ 72(  0%)    1/16(  6%)      0/16(  0%)     0/16(  0%)
C:       2/144(  1%)     0/ 72(  0%)     0/ 72(  0%)    1/16(  6%)      1/16(  6%)     0/16(  0%)
D:       0/144(  0%)     1/ 72(  1%)     0/ 72(  0%)    0/16(  0%)      1/16(  6%)     0/16(  0%)
E:       6/144(  4%)     2/ 72(  2%)     0/ 72(  0%)    2/16( 12%)      1/16(  6%)     0/16(  0%)
F:       3/144(  2%)     0/ 72(  0%)     1/ 72(  1%)    2/16( 12%)      0/16(  0%)     0/16(  0%)


Column FastTrack Interconnect:

         FastTrack                                 
Column  Interconnect    Input Pins     Output Pins     Bidir Pins
01:      2/24(  8%)     0/4(  0%)      1/4( 25%)       0/4(  0%)
02:      1/24(  4%)     0/4(  0%)      0/4(  0%)       0/4(  0%)
03:      0/24(  0%)     0/4(  0%)      0/4(  0%)       0/4(  0%)
04:      0/24(  0%)     0/4(  0%)      0/4(  0%)       0/4(  0%)
05:      0/24(  0%)     0/4(  0%)      0/4(  0%)       0/4(  0%)
06:      0/24(  0%)     0/4(  0%)      0/4(  0%)       0/4(  0%)
07:      0/24(  0%)     0/4(  0%)      0/4(  0%)       0/4(  0%)
08:      1/24(  4%)     1/4( 25%)      0/4(  0%)       0/4(  0%)
09:      1/24(  4%)     0/4(  0%)      1/4( 25%)       0/4(  0%)
10:      0/24(  0%)     0/4(  0%)      0/4(  0%)       0/4(  0%)
11:      0/24(  0%)     0/4(  0%)      0/4(  0%)       0/4(  0%)
12:      0/24(  0%)     0/4(  0%)      0/4(  0%)       0/4(  0%)
13:      0/24(  0%)     0/4(  0%)      0/4(  0%)       0/4(  0%)
14:      0/24(  0%)     0/4(  0%)      0/4(  0%)       0/4(  0%)
15:      0/24(  0%)     0/4(  0%)      0/4(  0%)       0/4(  0%)
16:      0/24(  0%)     0/4(  0%)      0/4(  0%)       0/4(  0%)
17:      1/24(  4%)     0/4(  0%)      0/4(  0%)       0/4(  0%)
18:      1/24(  4%)     0/4(  0%)      1/4( 25%)       0/4(  0%)
19:      0/24(  0%)     0/4(  0%)      0/4(  0%)       0/4(  0%)
20:      1/24(  4%)     0/4(  0%)      1/4( 25%)       0/4(  0%)
21:      0/24(  0%)     0/4(  0%)      0/4(  0%)       0/4(  0%)
22:      0/24(  0%)     0/4(  0%)      0/4(  0%)       0/4(  0%)
23:      0/24(  0%)     0/4(  0%)      0/4(  0%)       0/4(  0%)
24:      0/24(  0%)     0/4(  0%)      0/4(  0%)       0/4(  0%)
25:      0/24(  0%)     0/4(  0%)      0/4(  0%)       0/4(  0%)
26:      1/24(  4%)     1/4( 25%)      0/4(  0%)       0/4(  0%)
27:      0/24(  0%)     0/4(  0%)      0/4(  0%)       0/4(  0%)
28:      0/24(  0%)     0/4(  0%)      0/4(  0%)       0/4(  0%)
29:      1/24(  4%)     0/4(  0%)      0/4(  0%)       0/4(  0%)
30:      0/24(  0%)     0/4(  0%)      0/4(  0%)       0/4(  0%)
31:      0/24(  0%)     0/4(  0%)      0/4(  0%)       0/4(  0%)
32:      1/24(  4%)     0/4(  0%)      0/4(  0%)       0/4(  0%)
33:      1/24(  4%)     1/4( 25%)      0/4(  0%)       0/4(  0%)
34:      0/24(  0%)     0/4(  0%)      0/4(  0%)       0/4(  0%)
35:      0/24(  0%)     0/4(  0%)      0/4(  0%)       0/4(  0%)
36:      2/24(  8%)     0/4(  0%)      0/4(  0%)       0/4(  0%)
EA:      0/24(  0%)     0/4(  0%)      0/4(  0%)       0/4(  0%)


Device-Specific Information:                  c:\maxplus2\projects\cpu\acc.rpt
acc

** CLOCK SIGNALS **

Type     Fan-out       Name
INPUT        8         clk


Device-Specific Information:                  c:\maxplus2\projects\cpu\acc.rpt
acc

** EQUATIONS **

clk      : INPUT;
e        : INPUT;
in0      : INPUT;
in1      : INPUT;
in2      : INPUT;
in3      : INPUT;
in4      : INPUT;
in5      : INPUT;
in6      : INPUT;
in7      : INPUT;

-- Node name is 'd0' from file "acc.tdf" line 9, column 3
-- Equation name is 'd0', location is LC2_F19, type is buried.
d0       = DFFE( in0, GLOBAL( clk),  VCC,  VCC,  e);

-- Node name is 'd1' from file "acc.tdf" line 9, column 3
-- Equation name is 'd1', location is LC4_F10, type is buried.
d1       = DFFE( in1, GLOBAL( clk),  VCC,  VCC,  e);

-- Node name is 'd2' from file "acc.tdf" line 9, column 3
-- Equation name is 'd2', location is LC6_E1, type is buried.
d2       = DFFE( in2, GLOBAL( clk),  VCC,  VCC,  e);

-- Node name is 'd3' from file "acc.tdf" line 9, column 3
-- Equation name is 'd3', location is LC4_E1, type is buried.
d3       = DFFE( in3, GLOBAL( clk),  VCC,  VCC,  e);

-- Node name is 'd4' from file "acc.tdf" line 9, column 3
-- Equation name is 'd4', location is LC1_E17, type is buried.
d4       = DFFE( in4, GLOBAL( clk),  VCC,  VCC,  e);

-- Node name is 'd5' from file "acc.tdf" line 9, column 3
-- Equation name is 'd5', location is LC3_E17, type is buried.
d5       = DFFE( in5, GLOBAL( clk),  VCC,  VCC,  e);

-- Node name is 'd6' from file "acc.tdf" line 9, column 3
-- Equation name is 'd6', location is LC3_E1, type is buried.
d6       = DFFE( in6, GLOBAL( clk),  VCC,  VCC,  e);

-- Node name is 'd7' from file "acc.tdf" line 9, column 3
-- Equation name is 'd7', location is LC1_E1, type is buried.
d7       = DFFE( in7, GLOBAL( clk),  VCC,  VCC,  e);

-- Node name is 'out0' from file "acc.tdf" line 15, column 6
-- Equation name is 'out0', type is output 
out0     =  d0;

-- Node name is 'out1' from file "acc.tdf" line 15, column 6
-- Equation name is 'out1', type is output 
out1     =  d1;

-- Node name is 'out2' from file "acc.tdf" line 15, column 6
-- Equation name is 'out2', type is output 
out2     =  d2;

-- Node name is 'out3' from file "acc.tdf" line 15, column 6
-- Equation name is 'out3', type is output 
out3     =  d3;

-- Node name is 'out4' from file "acc.tdf" line 15, column 6
-- Equation name is 'out4', type is output 
out4     =  d4;

-- Node name is 'out5' from file "acc.tdf" line 15, column 6
-- Equation name is 'out5', type is output 
out5     =  d5;

-- Node name is 'out6' from file "acc.tdf" line 15, column 6
-- Equation name is 'out6', type is output 
out6     =  d6;

-- Node name is 'out7' from file "acc.tdf" line 15, column 6
-- Equation name is 'out7', type is output 
out7     =  d7;



Project Information                           c:\maxplus2\projects\cpu\acc.rpt

** COMPILATION SETTINGS & TIMES **

Processing Menu Commands
------------------------

Design Doctor                             = off

Logic Synthesis:

   Synthesis Type Used                    = Multi-Level

   Default Synthesis Style                = NORMAL

      Logic option settings in 'NORMAL' style for 'ACEX1K' family

      CARRY_CHAIN                         = ignore
      CARRY_CHAIN_LENGTH                  = 32
      CASCADE_CHAIN                       = ignore
      CASCADE_CHAIN_LENGTH                = 2
      DECOMPOSE_GATES                     = on
      DUPLICATE_LOGIC_EXTRACTION          = on
      MINIMIZATION                        = full
      MULTI_LEVEL_FACTORING               = on
      NOT_GATE_PUSH_BACK                  = on
      REDUCE_LOGIC                        = on
      REFACTORIZATION                     = on
      REGISTER_OPTIMIZATION               = on
      RESYNTHESIZE_NETWORK                = on
      SLOW_SLEW_RATE                      = off
      SUBFACTOR_EXTRACTION                = on
      IGNORE_SOFT_BUFFERS                 = on
      USE_LPM_FOR_AHDL_OPERATORS          = off

   Other logic synthesis settings:

      Automatic Global Clock              = on
      Automatic Global Clear              = on
      Automatic Global Preset             = on
      Automatic Global Output Enable      = on
      Automatic Fast I/O                  = off
      Automatic Register Packing          = off
      Automatic Open-Drain Pins           = on
      Automatic Implement in EAB          = off
      Optimize                            = 5

Default Timing Specifications: None

Cut All Bidir Feedback Timing Paths       = on
Cut All Clear & Preset Timing Paths       = on

Ignore Timing Assignments                 = off

Functional SNF Extractor                  = off

Linked SNF Extractor                      = off
Timing SNF Extractor                      = on
Optimize Timing SNF                       = off
Generate AHDL TDO File                    = off
Fitter Settings                           = NORMAL
Use Quartus Fitter                        = on
Smart Recompile                           = off
Total Recompile                           = off

Interfaces Menu Commands
------------------------

EDIF Netlist Writer                       = off
Verilog Netlist Writer                    = off
VHDL Netlist Writer                       = off

Compilation Times
-----------------

   Compiler Netlist Extractor             00:00:00
   Database Builder                       00:00:00
   Logic Synthesizer                      00:00:00
   Partitioner                            00:00:00
   Fitter                                 00:00:01
   Timing SNF Extractor                   00:00:00
   Assembler                              00:00:00
   --------------------------             --------
   Total Time                             00:00:01


Memory Allocated
-----------------

Peak memory allocated during compilation  = 23,998K
