Project Information                            c:\maxplus2\projects\cpu\cu.rpt

MAX+plus II Compiler Report File
Version 9.6 3/22/2000
Compiled: 05/09/2017 14:12:36

Copyright (C) 1988-2000 Altera Corporation
Any megafunction design, and related net list (encrypted or decrypted),
support information, device programming or simulation file, and any other
associated documentation or information provided by Altera or a partner
under Altera's Megafunction Partnership Program may be used only to
program PLD devices (but not masked PLD devices) from Altera.  Any other
use of such megafunction design, net list, support information, device
programming or simulation file, or any other related documentation or
information is prohibited for any other purpose, including, but not
limited to modification, reverse engineering, de-compiling, or use with
any other silicon devices, unless such use is explicitly licensed under
a separate agreement with Altera or a megafunction partner.  Title to
the intellectual property, including patents, copyrights, trademarks,
trade secrets, or maskworks, embodied in any such megafunction design,
net list, support information, device programming or simulation file, or
any other related documentation or information provided by Altera or a
megafunction partner, remains with Altera, the megafunction partner, or
their respective licensors.  No other licenses, including any licenses
needed under any third party's intellectual property, are provided herein.



***** Project compilation was successful


Untitled


** DEVICE SUMMARY **

Chip/                     Input Output Bidir  Memory  Memory  			 LCs
POF       Device          Pins  Pins   Pins   Bits % Utilized  LCs  % Utilized

cu        EP1K30TC144-1    1      24     0    4096      16 %    79       4  %

User Pins:                 1      24     0  



Project Information                            c:\maxplus2\projects\cpu\cu.rpt

** PROJECT COMPILATION MESSAGES **

Warning: Line 5, File c:\maxplus2\projects\cpu\ram.tdf:
   Group MSB will be "addr0", overrides default order of bits or BIT0=LSB in Options Statement
Warning: Line 6, File c:\maxplus2\projects\cpu\ram.tdf:
   Group MSB will be "data0", overrides default order of bits or BIT0=LSB in Options Statement
Warning: Line 9, File c:\maxplus2\projects\cpu\ram.tdf:
   Group MSB will be "out0", overrides default order of bits or BIT0=LSB in Options Statement
Warning: Line 16, File c:\maxplus2\projects\cpu\ram.tdf:
   Constant "REGISTERED" has not been defined -- assuming "REGISTERED" was intended to be a quoted string
Warning: Line 15, File c:\maxplus2\projects\cpu\ram.tdf:
   Constant "REGISTERED" has not been defined -- assuming "REGISTERED" was intended to be a quoted string
Warning: Line 17, File c:\maxplus2\projects\cpu\ram.tdf:
   Constant "UNREGISTERED" has not been defined -- assuming "UNREGISTERED" was intended to be a quoted string


** PROJECT TIMING MESSAGES **

Warning: Timing characteristics of device EP1K30TC144-1 are preliminary


Project Information                            c:\maxplus2\projects\cpu\cu.rpt

** EMBEDDED ARRAYS **


|rom:romi|lpm_rom:mem|altrom:srom|content: MEMORY (
               width        =    8;
               depth        =  256;
               segmentsize  =  256;
               mode         = MEM_READONLY#MEM_INITIALIZED;
               file         = "fib.mif";
         )
         OF SEGMENTS (
               |rom:romi|lpm_rom:mem|altrom:srom|segment0_7,
               |rom:romi|lpm_rom:mem|altrom:srom|segment0_6,
               |rom:romi|lpm_rom:mem|altrom:srom|segment0_5,
               |rom:romi|lpm_rom:mem|altrom:srom|segment0_4,
               |rom:romi|lpm_rom:mem|altrom:srom|segment0_3,
               |rom:romi|lpm_rom:mem|altrom:srom|segment0_2,
               |rom:romi|lpm_rom:mem|altrom:srom|segment0_1,
               |rom:romi|lpm_rom:mem|altrom:srom|segment0_0
);



|ram:rami|lpm_ram_dq:mem|altram:sram|content: MEMORY (
               width        =    8;
               depth        =  256;
               segmentsize  =  256;
               mode         = MEM_INITIALIZED#MEM_REG_DATAIN_CLK0#MEM_REG_WADDR_CLK0#MEM_REG_WCTRL_CLK0;
               file         = "fib.mif";
         )
         OF SEGMENTS (
               |ram:rami|lpm_ram_dq:mem|altram:sram|segment0_7,
               |ram:rami|lpm_ram_dq:mem|altram:sram|segment0_6,
               |ram:rami|lpm_ram_dq:mem|altram:sram|segment0_5,
               |ram:rami|lpm_ram_dq:mem|altram:sram|segment0_4,
               |ram:rami|lpm_ram_dq:mem|altram:sram|segment0_3,
               |ram:rami|lpm_ram_dq:mem|altram:sram|segment0_2,
               |ram:rami|lpm_ram_dq:mem|altram:sram|segment0_1,
               |ram:rami|lpm_ram_dq:mem|altram:sram|segment0_0
);




Project Information                            c:\maxplus2\projects\cpu\cu.rpt

** FILE HIERARCHY **



|acc:acci|
|ir:iri|
|ip:ipi|
|rom:romi|
|rom:romi|lpm_rom:mem|
|rom:romi|lpm_rom:mem|altrom:srom|
|ram:rami|
|ram:rami|lpm_ram_dq:mem|
|ram:rami|lpm_ram_dq:mem|altram:sram|
|alu:alui|


Device-Specific Information:                   c:\maxplus2\projects\cpu\cu.rpt
cu

***** Logic for device 'cu' compiled without errors.




Device: EP1K30TC144-1

ACEX 1K Configuration Scheme: Passive Serial

Device Options:
    User-Supplied Start-Up Clock               = OFF
    Auto-Restart Configuration on Frame Error  = OFF
    Release Clears Before Tri-States           = OFF
    Enable Chip_Wide Reset                     = OFF
    Enable Chip-Wide Output Enable             = OFF
    Enable INIT_DONE Output                    = OFF
    JTAG User Code                             = 7f
    MultiVolt I/O                              = OFF
    Enable Lock Output                         = OFF

                                                                                         
                                                                                         
                R R R   R   R R   R   R   R R   R             R R R     R   R R R R   R  
                E E E   E   E E   E   E   E E   E             E E E     E   E E E E   E  
                S S S   S   S S   S   S   S S   S V           S S S     S   S S S S   S  
                E E E a E   E E r E V E a E E   E C         a E E E a a E V E E E E r E  
                R R R r R   R R o R C R r R R   R C         c R R R c r R C R R R R o R  
                V V V g V G V V m V C V g V V G V I G G G G c V V V c g V C V V V V m V  
                E E E o E N E E o E I E o E E N E N N N N N o E E E o o E I E E E E o E  
                D D D 1 D D D D 4 D O D 2 D D D D T D D D D 4 D D D 1 3 D O D D D D 1 D  
              --------------------------------------------------------------------------_ 
             / 144 142 140 138 136 134 132 130 128 126 124 122 120 118 116 114 112 110   |_ 
            /    143 141 139 137 135 133 131 129 127 125 123 121 119 117 115 113 111 109    | 
      #TCK |  1                                                                         108 | ^DATA0 
^CONF_DONE |  2                                                                         107 | ^DCLK 
     ^nCEO |  3                                                                         106 | ^nCE 
      #TDO |  4                                                                         105 | #TDI 
     VCCIO |  5                                                                         104 | GND 
       GND |  6                                                                         103 | VCCINT 
  RESERVED |  7                                                                         102 | acco7 
  RESERVED |  8                                                                         101 | RESERVED 
  RESERVED |  9                                                                         100 | RESERVED 
  RESERVED | 10                                                                          99 | cmdo0 
  RESERVED | 11                                                                          98 | RESERVED 
     argo4 | 12                                                                          97 | RESERVED 
     acco6 | 13                                                                          96 | RESERVED 
  RESERVED | 14                                                                          95 | RESERVED 
       GND | 15                                                                          94 | VCCIO 
    VCCINT | 16                                                                          93 | GND 
     romo5 | 17                                                                          92 | romo6 
  RESERVED | 18                                                                          91 | acco5 
  RESERVED | 19                              EP1K30TC144-1                               90 | RESERVED 
  RESERVED | 20                                                                          89 | RESERVED 
  RESERVED | 21                                                                          88 | RESERVED 
  RESERVED | 22                                                                          87 | RESERVED 
     romo7 | 23                                                                          86 | acco3 
     VCCIO | 24                                                                          85 | VCCINT 
       GND | 25                                                                          84 | GND 
     cmdo2 | 26                                                                          83 | RESERVED 
     cmdo1 | 27                                                                          82 | RESERVED 
  RESERVED | 28                                                                          81 | RESERVED 
  RESERVED | 29                                                                          80 | RESERVED 
     argo0 | 30                                                                          79 | RESERVED 
  RESERVED | 31                                                                          78 | RESERVED 
  RESERVED | 32                                                                          77 | ^MSEL0 
     romo0 | 33                                                                          76 | ^MSEL1 
      #TMS | 34                                                                          75 | VCCINT 
  ^nSTATUS | 35                                                                          74 | ^nCONFIG 
  RESERVED | 36                                                                          73 | acco2 
           |      38  40  42  44  46  48  50  52  54  56  58  60  62  64  66  68  70  72  _| 
            \   37  39  41  43  45  47  49  51  53  55  57  59  61  63  65  67  69  71   | 
             \--------------------------------------------------------------------------- 
                R R R G R R R R V R r R R V a G V G c G G G R R V R R R R G R r R R V R  
                E E E N E E E E C E o E E C c N C N l N N N E E C E E E E N E o E E C E  
                S S S D S S S S C S m S S C c D C D k D D D S S C S S S S D S m S S C S  
                E E E   E E E E I E o E E I o   _       _   E E I E E E E   E o E E I E  
                R R R   R R R R O R 3 R R N 0   C       C   R R O R R R R   R 2 R R O R  
                V V V   V V V V   V   V V T     K       K   V V   V V V V   V   V V   V  
                E E E   E E E E   E   E E       L       L   E E   E E E E   E   E E   E  
                D D D   D D D D   D   D D       K       K   D D   D D D D   D   D D   D  
                                                                                         
                                                                                         


N.C. = No Connect. This pin has no internal connection to the device.
VCCINT = Dedicated power pin, which MUST be connected to VCC (2.5 volts).
VCCIO = Dedicated power pin, which MUST be connected to VCC (2.5 volts).
GND = Dedicated ground pin or unused dedicated input, which MUST be connected to GND.
RESERVED = Unused I/O pin, which MUST be left unconnected.

^ = Dedicated configuration pin.
+ = Reserved configuration pin, which is tri-stated during user mode.
* = Reserved configuration pin, which drives out in user mode.
PDn = Power Down pin. 
@ = Special-purpose pin. 
# = JTAG Boundary-Scan Testing/In-System Programming or Configuration Pin. The JTAG inputs TMS and TDI should be tied to VCC and TCK should be tied to GND when not in use.
& = JTAG pin used for I/O. When used as user I/O, JTAG pins must be kept stable before and during configuration.  JTAG pin stability prevents accidental loading of JTAG instructions.
$ = Pin has PCI I/O option enabled. Pin is neither '5.0 V'- nor '3.3 V'-tolerant. 


Device-Specific Information:                   c:\maxplus2\projects\cpu\cu.rpt
cu

** RESOURCE USAGE **

Logic                Column       Row                                   
Array                Interconnect Interconnect         Clears/     External  
Block   Logic Cells  Driven       Driven       Clocks  Presets   Interconnect
C1       8/ 8(100%)   3/ 8( 37%)   7/ 8( 87%)    1/2    0/2       7/22( 31%)   
C5       1/ 8( 12%)   0/ 8(  0%)   1/ 8( 12%)    0/2    0/2       0/22(  0%)   
C8       8/ 8(100%)   4/ 8( 50%)   7/ 8( 87%)    1/2    0/2       6/22( 27%)   
C9       8/ 8(100%)   2/ 8( 25%)   5/ 8( 62%)    1/2    0/2      12/22( 54%)   
C14      8/ 8(100%)   1/ 8( 12%)   3/ 8( 37%)    1/2    0/2       8/22( 36%)   
C17      8/ 8(100%)   2/ 8( 25%)   3/ 8( 37%)    1/2    0/2       9/22( 40%)   
C20      8/ 8(100%)   2/ 8( 25%)   4/ 8( 50%)    1/2    0/2      11/22( 50%)   
E2       2/ 8( 25%)   2/ 8( 25%)   1/ 8( 12%)    1/2    0/2       1/22(  4%)   
E7       8/ 8(100%)   6/ 8( 75%)   2/ 8( 25%)    1/2    0/2       6/22( 27%)   
E25      2/ 8( 25%)   2/ 8( 25%)   1/ 8( 12%)    1/2    0/2       1/22(  4%)   
E26      8/ 8(100%)   3/ 8( 37%)   4/ 8( 50%)    1/2    0/2       6/22( 27%)   
E30      1/ 8( 12%)   1/ 8( 12%)   0/ 8(  0%)    0/2    0/2       1/22(  4%)   
E33      8/ 8(100%)   3/ 8( 37%)   3/ 8( 37%)    1/2    0/2       8/22( 36%)   
F19      1/ 8( 12%)   0/ 8(  0%)   1/ 8( 12%)    0/2    0/2       1/22(  4%)   


Embedded             Column       Row                                   
Array     Embedded   Interconnect Interconnect         Read/      External  
Block     Cells      Driven       Driven       Clocks  Write    Interconnect
C37      8/16( 50%)   0/16(  0%)   8/16( 50%)    1/2    2/6      15/88( 17%)   
E37      8/16( 50%)   2/16( 12%)   6/16( 37%)    0/2    2/6       8/88(  9%)   


Total dedicated input pins used:                 1/6      ( 16%)
Total I/O pins used:                            24/96     ( 25%)
Total logic cells used:                         79/1728   (  4%)
Total embedded cells used:                      16/96     ( 16%)
Total EABs used:                                 2/6      ( 33%)
Average fan-in:                                 3.08/4    ( 77%)
Total fan-in:                                 244/6912    (  3%)

Total input pins required:                       1
Total input I/O cell registers required:         0
Total output pins required:                     24
Total output I/O cell registers required:        0
Total buried I/O cell registers required:        0
Total bidirectional pins required:               0
Total reserved pins required                     0
Total logic cells required:                     79
Total flipflops required:                       24
Total packed registers required:                 0
Total logic cells in carry chains:               0
Total number of carry chains:                    0
Total logic cells in cascade chains:             0
Total number of cascade chains:                  0
Total single-pin Clock Enables required:         0
Total single-pin Output Enables required:        0
Logic cells inserted for fitting:                8

Synthesized logic cells:                        25/1728   (  1%)

Logic Cell and Embedded Cell Counts

Column:  01  02  03  04  05  06  07  08  09  10  11  12  13  14  15  16  17  18  EA  19  20  21  22  23  24  25  26  27  28  29  30  31  32  33  34  35  36  Total(LC/EC)
 A:      0   0   0   0   0   0   0   0   0   0   0   0   0   0   0   0   0   0   0   0   0   0   0   0   0   0   0   0   0   0   0   0   0   0   0   0   0      0/0  
 B:      0   0   0   0   0   0   0   0   0   0   0   0   0   0   0   0   0   0   0   0   0   0   0   0   0   0   0   0   0   0   0   0   0   0   0   0   0      0/0  
 C:      8   0   0   0   1   0   0   8   8   0   0   0   0   8   0   0   8   0   8   0   8   0   0   0   0   0   0   0   0   0   0   0   0   0   0   0   0     49/8  
 D:      0   0   0   0   0   0   0   0   0   0   0   0   0   0   0   0   0   0   0   0   0   0   0   0   0   0   0   0   0   0   0   0   0   0   0   0   0      0/0  
 E:      0   2   0   0   0   0   8   0   0   0   0   0   0   0   0   0   0   0   8   0   0   0   0   0   0   2   8   0   0   0   1   0   0   8   0   0   0     29/8  
 F:      0   0   0   0   0   0   0   0   0   0   0   0   0   0   0   0   0   0   0   1   0   0   0   0   0   0   0   0   0   0   0   0   0   0   0   0   0      1/0  

Total:   8   2   0   0   1   0   8   8   8   0   0   0   0   8   0   0   8   0  16   1   8   0   0   0   0   2   8   0   0   0   1   0   0   8   0   0   0     79/16 



Device-Specific Information:                   c:\maxplus2\projects\cpu\cu.rpt
cu

** INPUTS **

                                                    Fan-In    Fan-Out
 Pin     LC     EC   Row  Col  Primitive    Code      INP  FBK  OUT  FBK  Name
  55      -     -    -    --      INPUT  G          ^    0    0    0    0  clk


Code:

s = Synthesized pin or logic cell
+ = Synchronous flipflop
/ = Slow slew-rate output
! = NOT gate push-back
r = Fitter-inserted logic cell
^ = Increased input delay
* = PCI I/O is enabled
@ = Uses single-pin Clock Enable
& = Uses single-pin Output Enable
G = Global Source. Fan-out destinations counted here do not include destinations
that are driven using global routing resources. Refer to the Auto Global Signals,
Clock Signals, Clear Signals, Synchronous Load Signals, and Synchronous Clear Signals
Sections of this Report File for information on which signals' fan-outs are used as
Clock, Clear, Preset, Output Enable, and synchronous Load signals.


Device-Specific Information:                   c:\maxplus2\projects\cpu\cu.rpt
cu

** OUTPUTS **

       Fed By Fed By                                Fan-In    Fan-Out
 Pin     LC     EC   Row  Col  Primitive    Code      INP  FBK  OUT  FBK  Name
  51      -     -    -    20     OUTPUT                 0    1    0    0  acco0
 118      -     -    -    09     OUTPUT                 0    1    0    0  acco1
  73      -     -    -    01     OUTPUT                 0    1    0    0  acco2
  86      -     -    E    --     OUTPUT                 0    1    0    0  acco3
 122      -     -    -    18     OUTPUT                 0    1    0    0  acco4
  91      -     -    D    --     OUTPUT                 0    1    0    0  acco5
  13      -     -    C    --     OUTPUT                 0    1    0    0  acco6
 102      -     -    A    --     OUTPUT                 0    1    0    0  acco7
  30      -     -    F    --     OUTPUT                 0    1    0    0  argo0
 141      -     -    -    33     OUTPUT                 0    1    0    0  argo1
 132      -     -    -    26     OUTPUT                 0    1    0    0  argo2
 117      -     -    -    08     OUTPUT                 0    1    0    0  argo3
  12      -     -    C    --     OUTPUT                 0    1    0    0  argo4
  99      -     -    B    --     OUTPUT                 0    1    0    0  cmdo0
  27      -     -    E    --     OUTPUT                 0    1    0    0  cmdo1
  26      -     -    E    --     OUTPUT                 0    1    0    0  cmdo2
  33      -     -    F    --     OUTPUT                 0    1    0    0  romo0
 110      -     -    -    02     OUTPUT                 0    1    0    0  romo1
  68      -     -    -    07     OUTPUT                 0    1    0    0  romo2
  47      -     -    -    25     OUTPUT                 0    1    0    0  romo3
 136      -     -    -    30     OUTPUT                 0    1    0    0  romo4
  17      -     -    C    --     OUTPUT                 0    1    0    0  romo5
  92      -     -    D    --     OUTPUT                 0    1    0    0  romo6
  23      -     -    D    --     OUTPUT                 0    1    0    0  romo7


Code:

s = Synthesized pin or logic cell
+ = Synchronous flipflop
/ = Slow slew-rate output
! = NOT gate push-back
r = Fitter-inserted logic cell
^ = Increased input delay
* = PCI I/O is enabled
@ = Uses single-pin Clock Enable
& = Uses single-pin Output Enable


Device-Specific Information:                   c:\maxplus2\projects\cpu\cu.rpt
cu

** BURIED LOGIC **

                                                    Fan-In    Fan-Out
 IOC     LC     EC   Row  Col  Primitive    Code      INP  FBK  OUT  FBK  Name
   -      4     -    C    14       DFFE   +            0    3    1    4  |acc:acci|d0
   -      2     -    C    14       DFFE   +            0    3    1    4  |acc:acci|d1
   -      3     -    C    17       DFFE   +            0    3    1    4  |acc:acci|d2
   -      1     -    C    17       DFFE   +            0    3    1    4  |acc:acci|d3
   -      4     -    C    20       DFFE   +            0    3    1    4  |acc:acci|d4
   -      3     -    C    01       DFFE   +            0    4    1    4  |acc:acci|d5
   -      8     -    C    09       DFFE   +            0    4    1    4  |acc:acci|d6
   -      1     -    C    20       DFFE   +            0    4    1    3  |acc:acci|d7
   -      6     -    C    14       AND2                0    3    0    2  |alu:alui|:57
   -      3     -    C    14        OR2                0    4    0    2  |alu:alui|:73
   -      6     -    C    17        OR2                0    4    0    2  |alu:alui|:83
   -      2     -    C    17        OR2                0    4    0    2  |alu:alui|:93
   -      8     -    C    20        OR2                0    4    0    2  |alu:alui|:104
   -      5     -    C    20        OR2                0    4    0    2  |alu:alui|:114
   -      6     -    C    20        OR2                0    4    0    1  |alu:alui|:124
   -      1     -    E    26       DFFE   +            0    1    1    3  arg0
   -      8     -    E    33       DFFE   +            0    1    1    3  arg1
   -      8     -    E    25       DFFE   +            0    1    1    3  arg2
   -      6     -    E    07       DFFE   +            0    1    1    3  arg3
   -      2     -    E    07       DFFE   +            0    1    1    3  arg4
   -      2     -    C    08       DFFE   +            0    1    1   13  cmd0
   -      2     -    E    02       DFFE   +            0    1    1   13  cmd1
   -      4     -    C    08       DFFE   +            0    1    1   13  cmd2
   -      1     -    C    05        GND    s           0    0    0    8  ~GND~
   -      3     -    E    07       DFFE   +            0    2    0   12  |ip:ipi|curr0
   -      4     -    E    07       DFFE   +            0    3    0   11  |ip:ipi|curr1
   -      2     -    E    33       DFFE   +            0    3    0   10  |ip:ipi|curr2
   -      1     -    E    33       DFFE   +            0    3    0    9  |ip:ipi|curr3
   -      2     -    E    26       DFFE   +            0    3    0   10  |ip:ipi|curr4
   -      5     -    E    26       DFFE   +            0    3    0    9  |ip:ipi|curr5
   -      3     -    E    26       DFFE   +            0    2    0    9  |ip:ipi|curr6
   -      4     -    E    26       DFFE   +            0    3    0    8  |ip:ipi|curr7
   -      7     -    E    33       AND2                0    2    0    1  |ip:ipi|:67
   -      6     -    E    33       AND2                0    3    0    1  |ip:ipi|:71
   -      5     -    E    33       AND2                0    4    0    3  |ip:ipi|:75
   -      7     -    E    26       AND2                0    3    0    2  |ip:ipi|:83
   -      -     2    C    --   MEM_SGMT                0    8    0    3  |ram:rami|lpm_ram_dq:mem|altram:sram|segment0_0
   -      -    10    C    --   MEM_SGMT                0    8    0    3  |ram:rami|lpm_ram_dq:mem|altram:sram|segment0_1
   -      -     6    C    --   MEM_SGMT                0    8    0    3  |ram:rami|lpm_ram_dq:mem|altram:sram|segment0_2
   -      -    15    C    --   MEM_SGMT                0    8    0    3  |ram:rami|lpm_ram_dq:mem|altram:sram|segment0_3
   -      -     1    C    --   MEM_SGMT                0    8    0    3  |ram:rami|lpm_ram_dq:mem|altram:sram|segment0_4
   -      -     9    C    --   MEM_SGMT                0    8    0    3  |ram:rami|lpm_ram_dq:mem|altram:sram|segment0_5
   -      -     3    C    --   MEM_SGMT                0    8    0    3  |ram:rami|lpm_ram_dq:mem|altram:sram|segment0_6
   -      -    11    C    --   MEM_SGMT                0    8    0    2  |ram:rami|lpm_ram_dq:mem|altram:sram|segment0_7
   -      7     -    F    19       SOFT    s    r      0    1    1    0  romo0~fit~in1
   -      1     -    E    02       SOFT    s    r      0    1    1    0  romo1~fit~in1
   -      8     -    C    08       SOFT    s    r      0    1    1    0  romo2~fit~in1
   -      6     -    E    26       SOFT    s    r      0    1    1    0  romo3~fit~in1
   -      2     -    E    30       SOFT    s    r      0    1    1    0  romo4~fit~in1
   -      6     -    E    25       SOFT    s    r      0    1    1    0  romo5~fit~in1
   -      1     -    E    07       SOFT    s    r      0    1    1    0  romo6~fit~in1
   -      7     -    E    07       SOFT    s    r      0    1    1    0  romo7~fit~in1
   -      -     1    E    --   MEM_SGMT                0    8    0    2  |rom:romi|lpm_rom:mem|altrom:srom|segment0_0
   -      -    11    E    --   MEM_SGMT                0    8    0    2  |rom:romi|lpm_rom:mem|altrom:srom|segment0_1
   -      -     3    E    --   MEM_SGMT                0    8    0    2  |rom:romi|lpm_rom:mem|altrom:srom|segment0_2
   -      -    10    E    --   MEM_SGMT                0    8    0    2  |rom:romi|lpm_rom:mem|altrom:srom|segment0_3
   -      -     4    E    --   MEM_SGMT                0    8    0    2  |rom:romi|lpm_rom:mem|altrom:srom|segment0_4
   -      -    12    E    --   MEM_SGMT                0    8    0    2  |rom:romi|lpm_rom:mem|altrom:srom|segment0_5
   -      -     2    E    --   MEM_SGMT                0    8    0    2  |rom:romi|lpm_rom:mem|altrom:srom|segment0_6
   -      -     9    E    --   MEM_SGMT                0    8    0    2  |rom:romi|lpm_rom:mem|altrom:srom|segment0_7
   -      1     -    C    01       AND2        !       0    3    0   21  :257
   -      4     -    C    01       AND2        !       0    3    0   14  :359
   -      8     -    C    01        OR2    s           0    4    0    1  ~394~1
   -      3     -    C    20        OR2    s           0    4    0    1  ~397~1
   -      7     -    C    20        OR2    s           0    4    0    1  ~400~1
   -      1     -    C    08       AND2        !       0    3    0   13  :403
   -      8     -    E    07        OR2                0    4    0    8  :407
   -      5     -    E    07        OR2                0    4    0    8  :410
   -      4     -    E    33        OR2                0    4    0    8  :413
   -      3     -    E    33        OR2                0    4    0    8  :416
   -      8     -    E    26        OR2                0    4    0    8  :419
   -      6     -    C    08       AND2                0    4    0    1  :421
   -      5     -    C    08       AND2                0    4    0    1  :423
   -      7     -    C    08       AND2                0    4    0    1  :425
   -      5     -    C    09       AND2                0    4    0    1  :427
   -      4     -    C    09       AND2                0    4    0    1  :429
   -      6     -    C    01       AND2                0    4    0    1  :431
   -      3     -    C    09       AND2                0    4    0    1  :433
   -      2     -    C    09       AND2                0    4    0    1  :435
   -      5     -    C    01       AND2        !       0    3    0    6  :439
   -      7     -    C    01        OR2                0    3    0    8  :441
   -      1     -    C    14        OR2    s           0    3    0    1  ~444~1
   -      5     -    C    14        OR2    s           0    4    0    1  ~444~2
   -      7     -    C    14        OR2    s           0    4    0    1  ~447~1
   -      8     -    C    14        OR2    s           0    4    0    1  ~447~2
   -      4     -    C    17        OR2    s           0    4    0    1  ~450~1
   -      5     -    C    17        OR2    s           0    4    0    1  ~450~2
   -      7     -    C    17        OR2    s           0    4    0    1  ~453~1
   -      8     -    C    17        OR2    s           0    4    0    1  ~453~2
   -      2     -    C    20        OR2    s           0    4    0    1  ~456~1
   -      2     -    C    01        OR2    s           0    4    0    1  ~456~2
   -      3     -    C    08        OR2    s           0    3    0    1  ~487~1
   -      6     -    C    09        OR2    s           0    3    0    1  ~487~2
   -      7     -    C    09        OR2    s           0    4    0    1  ~487~3
   -      1     -    C    09        OR2        !       0    4    0    8  :487


Code:

s = Synthesized pin or logic cell
+ = Synchronous flipflop
/ = Slow slew-rate output
! = NOT gate push-back
r = Fitter-inserted logic cell
^ = Increased input delay
* = PCI I/O is enabled
p = Packed register


Device-Specific Information:                   c:\maxplus2\projects\cpu\cu.rpt
cu

** FASTTRACK INTERCONNECT UTILIZATION **

Row FastTrack Interconnect:

          Global         Left Half-      Right Half-
         FastTrack       FastTrack       FastTrack 
Row     Interconnect    Interconnect    Interconnect    Input Pins     Output Pins     Bidir Pins
A:       0/144(  0%)     1/ 72(  1%)     0/ 72(  0%)    0/16(  0%)      1/16(  6%)     0/16(  0%)
B:       0/144(  0%)     1/ 72(  1%)     0/ 72(  0%)    0/16(  0%)      1/16(  6%)     0/16(  0%)
C:      47/144( 32%)     4/ 72(  5%)     1/ 72(  1%)    0/16(  0%)      3/16( 18%)     0/16(  0%)
D:       1/144(  0%)     2/ 72(  2%)     0/ 72(  0%)    0/16(  0%)      3/16( 18%)     0/16(  0%)
E:      23/144( 15%)     0/ 72(  0%)     0/ 72(  0%)    0/16(  0%)      3/16( 18%)     0/16(  0%)
F:       1/144(  0%)     0/ 72(  0%)     2/ 72(  2%)    0/16(  0%)      2/16( 12%)     0/16(  0%)


Column FastTrack Interconnect:

         FastTrack                                 
Column  Interconnect    Input Pins     Output Pins     Bidir Pins
01:      4/24( 16%)     0/4(  0%)      1/4( 25%)       0/4(  0%)
02:      1/24(  4%)     0/4(  0%)      1/4( 25%)       0/4(  0%)
03:      0/24(  0%)     0/4(  0%)      0/4(  0%)       0/4(  0%)
04:      0/24(  0%)     0/4(  0%)      0/4(  0%)       0/4(  0%)
05:      0/24(  0%)     0/4(  0%)      0/4(  0%)       0/4(  0%)
06:      0/24(  0%)     0/4(  0%)      0/4(  0%)       0/4(  0%)
07:      8/24( 33%)     0/4(  0%)      1/4( 25%)       0/4(  0%)
08:      2/24(  8%)     0/4(  0%)      1/4( 25%)       0/4(  0%)
09:      2/24(  8%)     0/4(  0%)      1/4( 25%)       0/4(  0%)
10:      0/24(  0%)     0/4(  0%)      0/4(  0%)       0/4(  0%)
11:      0/24(  0%)     0/4(  0%)      0/4(  0%)       0/4(  0%)
12:      0/24(  0%)     0/4(  0%)      0/4(  0%)       0/4(  0%)
13:      1/24(  4%)     0/4(  0%)      0/4(  0%)       0/4(  0%)
14:      0/24(  0%)     0/4(  0%)      0/4(  0%)       0/4(  0%)
15:      0/24(  0%)     0/4(  0%)      0/4(  0%)       0/4(  0%)
16:      0/24(  0%)     0/4(  0%)      0/4(  0%)       0/4(  0%)
17:      1/24(  4%)     0/4(  0%)      0/4(  0%)       0/4(  0%)
18:      1/24(  4%)     0/4(  0%)      1/4( 25%)       0/4(  0%)
19:      0/24(  0%)     0/4(  0%)      0/4(  0%)       0/4(  0%)
20:      2/24(  8%)     0/4(  0%)      1/4( 25%)       0/4(  0%)
21:      0/24(  0%)     0/4(  0%)      0/4(  0%)       0/4(  0%)
22:      0/24(  0%)     0/4(  0%)      0/4(  0%)       0/4(  0%)
23:      0/24(  0%)     0/4(  0%)      0/4(  0%)       0/4(  0%)
24:      0/24(  0%)     0/4(  0%)      0/4(  0%)       0/4(  0%)
25:      3/24( 12%)     0/4(  0%)      1/4( 25%)       0/4(  0%)
26:      2/24(  8%)     0/4(  0%)      1/4( 25%)       0/4(  0%)
27:      0/24(  0%)     0/4(  0%)      0/4(  0%)       0/4(  0%)
28:      0/24(  0%)     0/4(  0%)      0/4(  0%)       0/4(  0%)
29:      0/24(  0%)     0/4(  0%)      0/4(  0%)       0/4(  0%)
30:      1/24(  4%)     0/4(  0%)      1/4( 25%)       0/4(  0%)
31:      0/24(  0%)     0/4(  0%)      0/4(  0%)       0/4(  0%)
32:      0/24(  0%)     0/4(  0%)      0/4(  0%)       0/4(  0%)
33:      3/24( 12%)     0/4(  0%)      1/4( 25%)       0/4(  0%)
34:      0/24(  0%)     0/4(  0%)      0/4(  0%)       0/4(  0%)
35:      0/24(  0%)     0/4(  0%)      0/4(  0%)       0/4(  0%)
36:      0/24(  0%)     0/4(  0%)      0/4(  0%)       0/4(  0%)
EA:      2/24(  8%)     0/4(  0%)      0/4(  0%)       0/4(  0%)


Device-Specific Information:                   c:\maxplus2\projects\cpu\cu.rpt
cu

** CLOCK SIGNALS **

Type     Fan-out       Name
INPUT       32         clk


Device-Specific Information:                   c:\maxplus2\projects\cpu\cu.rpt
cu

** EQUATIONS **

clk      : INPUT;

-- Node name is 'acco0' from file "cu.tdf" line 79, column 6
-- Equation name is 'acco0', type is output 
acco0    =  _LC1_C20;

-- Node name is 'acco1' from file "cu.tdf" line 79, column 6
-- Equation name is 'acco1', type is output 
acco1    =  _LC8_C9;

-- Node name is 'acco2' from file "cu.tdf" line 79, column 6
-- Equation name is 'acco2', type is output 
acco2    =  _LC3_C1;

-- Node name is 'acco3' from file "cu.tdf" line 79, column 6
-- Equation name is 'acco3', type is output 
acco3    =  _LC4_C20;

-- Node name is 'acco4' from file "cu.tdf" line 79, column 6
-- Equation name is 'acco4', type is output 
acco4    =  _LC1_C17;

-- Node name is 'acco5' from file "cu.tdf" line 79, column 6
-- Equation name is 'acco5', type is output 
acco5    =  _LC3_C17;

-- Node name is 'acco6' from file "cu.tdf" line 79, column 6
-- Equation name is 'acco6', type is output 
acco6    =  _LC2_C14;

-- Node name is 'acco7' from file "cu.tdf" line 79, column 6
-- Equation name is 'acco7', type is output 
acco7    =  _LC4_C14;

-- Node name is 'argo0' from file "cu.tdf" line 81, column 6
-- Equation name is 'argo0', type is output 
argo0    =  arg0;

-- Node name is 'argo1' from file "cu.tdf" line 81, column 6
-- Equation name is 'argo1', type is output 
argo1    =  arg1;

-- Node name is 'argo2' from file "cu.tdf" line 81, column 6
-- Equation name is 'argo2', type is output 
argo2    =  arg2;

-- Node name is 'argo3' from file "cu.tdf" line 81, column 6
-- Equation name is 'argo3', type is output 
argo3    =  arg3;

-- Node name is 'argo4' from file "cu.tdf" line 81, column 6
-- Equation name is 'argo4', type is output 
argo4    =  arg4;

-- Node name is 'arg0' from file "cu.tdf" line 18, column 5
-- Equation name is 'arg0', location is LC1_E26, type is buried.
arg0     = DFFE( _EC4_E, GLOBAL( clk),  VCC,  VCC,  VCC);

-- Node name is 'arg1' from file "cu.tdf" line 18, column 5
-- Equation name is 'arg1', location is LC8_E33, type is buried.
arg1     = DFFE( _EC10_E, GLOBAL( clk),  VCC,  VCC,  VCC);

-- Node name is 'arg2' from file "cu.tdf" line 18, column 5
-- Equation name is 'arg2', location is LC8_E25, type is buried.
arg2     = DFFE( _EC3_E, GLOBAL( clk),  VCC,  VCC,  VCC);

-- Node name is 'arg3' from file "cu.tdf" line 18, column 5
-- Equation name is 'arg3', location is LC6_E7, type is buried.
arg3     = DFFE( _EC11_E, GLOBAL( clk),  VCC,  VCC,  VCC);

-- Node name is 'arg4' from file "cu.tdf" line 18, column 5
-- Equation name is 'arg4', location is LC2_E7, type is buried.
arg4     = DFFE( _EC1_E, GLOBAL( clk),  VCC,  VCC,  VCC);

-- Node name is 'cmdo0' from file "cu.tdf" line 82, column 6
-- Equation name is 'cmdo0', type is output 
cmdo0    =  cmd0;

-- Node name is 'cmdo1' from file "cu.tdf" line 82, column 6
-- Equation name is 'cmdo1', type is output 
cmdo1    =  cmd1;

-- Node name is 'cmdo2' from file "cu.tdf" line 82, column 6
-- Equation name is 'cmdo2', type is output 
cmdo2    =  cmd2;

-- Node name is 'cmd0' from file "cu.tdf" line 17, column 5
-- Equation name is 'cmd0', location is LC2_C8, type is buried.
cmd0     = DFFE( _EC9_E, GLOBAL( clk),  VCC,  VCC,  VCC);

-- Node name is 'cmd1' from file "cu.tdf" line 17, column 5
-- Equation name is 'cmd1', location is LC2_E2, type is buried.
cmd1     = DFFE( _EC2_E, GLOBAL( clk),  VCC,  VCC,  VCC);

-- Node name is 'cmd2' from file "cu.tdf" line 17, column 5
-- Equation name is 'cmd2', location is LC4_C8, type is buried.
cmd2     = DFFE( _EC12_E, GLOBAL( clk),  VCC,  VCC,  VCC);

-- Node name is 'romo0~fit~in1' from file "cu.tdf" line 80, column 6
-- Equation name is 'romo0~fit~in1', location is LC7_F19, type is buried.
-- synthesized logic cell 
_LC7_F19 = LCELL( _EC9_E);

-- Node name is 'romo0' from file "cu.tdf" line 80, column 6
-- Equation name is 'romo0', type is output 
romo0    =  _LC7_F19;

-- Node name is 'romo1~fit~in1' from file "cu.tdf" line 80, column 6
-- Equation name is 'romo1~fit~in1', location is LC1_E2, type is buried.
-- synthesized logic cell 
_LC1_E2  = LCELL( _EC2_E);

-- Node name is 'romo1' from file "cu.tdf" line 80, column 6
-- Equation name is 'romo1', type is output 
romo1    =  _LC1_E2;

-- Node name is 'romo2~fit~in1' from file "cu.tdf" line 80, column 6
-- Equation name is 'romo2~fit~in1', location is LC8_C8, type is buried.
-- synthesized logic cell 
_LC8_C8  = LCELL( _EC12_E);

-- Node name is 'romo2' from file "cu.tdf" line 80, column 6
-- Equation name is 'romo2', type is output 
romo2    =  _LC8_C8;

-- Node name is 'romo3~fit~in1' from file "cu.tdf" line 80, column 6
-- Equation name is 'romo3~fit~in1', location is LC6_E26, type is buried.
-- synthesized logic cell 
_LC6_E26 = LCELL( _EC4_E);

-- Node name is 'romo3' from file "cu.tdf" line 80, column 6
-- Equation name is 'romo3', type is output 
romo3    =  _LC6_E26;

-- Node name is 'romo4~fit~in1' from file "cu.tdf" line 80, column 6
-- Equation name is 'romo4~fit~in1', location is LC2_E30, type is buried.
-- synthesized logic cell 
_LC2_E30 = LCELL( _EC10_E);

-- Node name is 'romo4' from file "cu.tdf" line 80, column 6
-- Equation name is 'romo4', type is output 
romo4    =  _LC2_E30;

-- Node name is 'romo5~fit~in1' from file "cu.tdf" line 80, column 6
-- Equation name is 'romo5~fit~in1', location is LC6_E25, type is buried.
-- synthesized logic cell 
_LC6_E25 = LCELL( _EC3_E);

-- Node name is 'romo5' from file "cu.tdf" line 80, column 6
-- Equation name is 'romo5', type is output 
romo5    =  _LC6_E25;

-- Node name is 'romo6~fit~in1' from file "cu.tdf" line 80, column 6
-- Equation name is 'romo6~fit~in1', location is LC1_E7, type is buried.
-- synthesized logic cell 
_LC1_E7  = LCELL( _EC11_E);

-- Node name is 'romo6' from file "cu.tdf" line 80, column 6
-- Equation name is 'romo6', type is output 
romo6    =  _LC1_E7;

-- Node name is 'romo7~fit~in1' from file "cu.tdf" line 80, column 6
-- Equation name is 'romo7~fit~in1', location is LC7_E7, type is buried.
-- synthesized logic cell 
_LC7_E7  = LCELL( _EC1_E);

-- Node name is 'romo7' from file "cu.tdf" line 80, column 6
-- Equation name is 'romo7', type is output 
romo7    =  _LC7_E7;

-- Node name is '|acc:acci|d0' from file "acc.tdf" line 9, column 3
-- Equation name is '_LC4_C14', type is buried 
_LC4_C14 = DFFE( _EQ001, GLOBAL( clk),  VCC,  VCC,  _LC7_C1);
  _EQ001 =  _LC1_C14
         #  _LC5_C14;

-- Node name is '|acc:acci|d1' from file "acc.tdf" line 9, column 3
-- Equation name is '_LC2_C14', type is buried 
_LC2_C14 = DFFE( _EQ002, GLOBAL( clk),  VCC,  VCC,  _LC7_C1);
  _EQ002 =  _LC7_C14
         #  _LC8_C14;

-- Node name is '|acc:acci|d2' from file "acc.tdf" line 9, column 3
-- Equation name is '_LC3_C17', type is buried 
_LC3_C17 = DFFE( _EQ003, GLOBAL( clk),  VCC,  VCC,  _LC7_C1);
  _EQ003 =  _LC4_C17
         #  _LC5_C17;

-- Node name is '|acc:acci|d3' from file "acc.tdf" line 9, column 3
-- Equation name is '_LC1_C17', type is buried 
_LC1_C17 = DFFE( _EQ004, GLOBAL( clk),  VCC,  VCC,  _LC7_C1);
  _EQ004 =  _LC7_C17
         #  _LC8_C17;

-- Node name is '|acc:acci|d4' from file "acc.tdf" line 9, column 3
-- Equation name is '_LC4_C20', type is buried 
_LC4_C20 = DFFE( _EQ005, GLOBAL( clk),  VCC,  VCC,  _LC7_C1);
  _EQ005 =  _LC2_C20
         #  _LC2_C1;

-- Node name is '|acc:acci|d5' from file "acc.tdf" line 9, column 3
-- Equation name is '_LC3_C1', type is buried 
_LC3_C1  = DFFE( _EQ006, GLOBAL( clk),  VCC,  VCC,  _LC7_C1);
  _EQ006 =  _LC8_C1
         #  _EC9_C & !_LC4_C1;

-- Node name is '|acc:acci|d6' from file "acc.tdf" line 9, column 3
-- Equation name is '_LC8_C9', type is buried 
_LC8_C9  = DFFE( _EQ007, GLOBAL( clk),  VCC,  VCC,  _LC7_C1);
  _EQ007 =  _LC3_C20
         #  _EC3_C & !_LC4_C1;

-- Node name is '|acc:acci|d7' from file "acc.tdf" line 9, column 3
-- Equation name is '_LC1_C20', type is buried 
_LC1_C20 = DFFE( _EQ008, GLOBAL( clk),  VCC,  VCC,  _LC7_C1);
  _EQ008 =  _LC7_C20
         #  _EC11_C & !_LC4_C1;

-- Node name is '|alu:alui|:57' from file "alu.tdf" line 9, column 16
-- Equation name is '_LC6_C14', type is buried 
_LC6_C14 = LCELL( _EQ009);
  _EQ009 =  _EC2_C & !_LC1_C1 &  _LC4_C14;

-- Node name is '|alu:alui|:73' from file "alu.tdf" line 9, column 16
-- Equation name is '_LC3_C14', type is buried 
_LC3_C14 = LCELL( _EQ010);
  _EQ010 =  _EC10_C & !_LC1_C1 &  _LC6_C14
         # !_LC1_C1 &  _LC2_C14 &  _LC6_C14
         #  _EC10_C & !_LC1_C1 &  _LC2_C14;

-- Node name is '|alu:alui|:83' from file "alu.tdf" line 9, column 16
-- Equation name is '_LC6_C17', type is buried 
_LC6_C17 = LCELL( _EQ011);
  _EQ011 =  _EC6_C & !_LC1_C1 &  _LC3_C14
         # !_LC1_C1 &  _LC3_C14 &  _LC3_C17
         #  _EC6_C & !_LC1_C1 &  _LC3_C17;

-- Node name is '|alu:alui|:93' from file "alu.tdf" line 9, column 16
-- Equation name is '_LC2_C17', type is buried 
_LC2_C17 = LCELL( _EQ012);
  _EQ012 =  _EC15_C & !_LC1_C1 &  _LC6_C17
         # !_LC1_C1 &  _LC1_C17 &  _LC6_C17
         #  _EC15_C & !_LC1_C1 &  _LC1_C17;

-- Node name is '|alu:alui|:104' from file "alu.tdf" line 9, column 16
-- Equation name is '_LC8_C20', type is buried 
_LC8_C20 = LCELL( _EQ013);
  _EQ013 =  _EC1_C & !_LC1_C1 &  _LC2_C17
         # !_LC1_C1 &  _LC2_C17 &  _LC4_C20
         #  _EC1_C & !_LC1_C1 &  _LC4_C20;

-- Node name is '|alu:alui|:114' from file "alu.tdf" line 9, column 16
-- Equation name is '_LC5_C20', type is buried 
_LC5_C20 = LCELL( _EQ014);
  _EQ014 =  _EC9_C & !_LC1_C1 &  _LC8_C20
         # !_LC1_C1 &  _LC3_C1 &  _LC8_C20
         #  _EC9_C & !_LC1_C1 &  _LC3_C1;

-- Node name is '|alu:alui|:124' from file "alu.tdf" line 9, column 16
-- Equation name is '_LC6_C20', type is buried 
_LC6_C20 = LCELL( _EQ015);
  _EQ015 =  _EC3_C & !_LC1_C1 &  _LC5_C20
         # !_LC1_C1 &  _LC5_C20 &  _LC8_C9
         #  _EC3_C & !_LC1_C1 &  _LC8_C9;

-- Node name is '|ip:ipi|curr0' from file "ip.tdf" line 9, column 6
-- Equation name is '_LC3_E7', type is buried 
_LC3_E7  = DFFE( _EQ016, GLOBAL( clk),  VCC,  VCC,  VCC);
  _EQ016 =  arg4 &  _LC1_C9
         # !_LC1_C9 & !_LC3_E7;

-- Node name is '|ip:ipi|curr1' from file "ip.tdf" line 9, column 6
-- Equation name is '_LC4_E7', type is buried 
_LC4_E7  = DFFE( _EQ017, GLOBAL( clk),  VCC,  VCC,  VCC);
  _EQ017 =  arg3 &  _LC1_C9
         # !_LC1_C9 &  _LC3_E7 & !_LC4_E7
         # !_LC1_C9 & !_LC3_E7 &  _LC4_E7;

-- Node name is '|ip:ipi|curr2' from file "ip.tdf" line 9, column 6
-- Equation name is '_LC2_E33', type is buried 
_LC2_E33 = DFFE( _EQ018, GLOBAL( clk),  VCC,  VCC,  VCC);
  _EQ018 =  arg2 &  _LC1_C9
         # !_LC1_C9 &  _LC2_E33 & !_LC7_E33
         # !_LC1_C9 & !_LC2_E33 &  _LC7_E33;

-- Node name is '|ip:ipi|curr3' from file "ip.tdf" line 9, column 6
-- Equation name is '_LC1_E33', type is buried 
_LC1_E33 = DFFE( _EQ019, GLOBAL( clk),  VCC,  VCC,  VCC);
  _EQ019 =  arg1 &  _LC1_C9
         # !_LC1_C9 &  _LC1_E33 & !_LC6_E33
         # !_LC1_C9 & !_LC1_E33 &  _LC6_E33;

-- Node name is '|ip:ipi|curr4' from file "ip.tdf" line 9, column 6
-- Equation name is '_LC2_E26', type is buried 
_LC2_E26 = DFFE( _EQ020, GLOBAL( clk),  VCC,  VCC,  VCC);
  _EQ020 =  arg0 &  _LC1_C9
         # !_LC1_C9 &  _LC2_E26 & !_LC5_E33
         # !_LC1_C9 & !_LC2_E26 &  _LC5_E33;

-- Node name is '|ip:ipi|curr5' from file "ip.tdf" line 9, column 6
-- Equation name is '_LC5_E26', type is buried 
_LC5_E26 = DFFE( _EQ021, GLOBAL( clk),  VCC,  VCC,  VCC);
  _EQ021 = !_LC1_C9 & !_LC2_E26 &  _LC5_E26
         # !_LC1_C9 &  _LC5_E26 & !_LC5_E33
         # !_LC1_C9 &  _LC2_E26 & !_LC5_E26 &  _LC5_E33;

-- Node name is '|ip:ipi|curr6' from file "ip.tdf" line 9, column 6
-- Equation name is '_LC3_E26', type is buried 
_LC3_E26 = DFFE( _EQ022, GLOBAL( clk),  VCC,  VCC,  VCC);
  _EQ022 = !_LC1_C9 &  _LC3_E26 & !_LC7_E26
         # !_LC1_C9 & !_LC3_E26 &  _LC7_E26;

-- Node name is '|ip:ipi|curr7' from file "ip.tdf" line 9, column 6
-- Equation name is '_LC4_E26', type is buried 
_LC4_E26 = DFFE( _EQ023, GLOBAL( clk),  VCC,  VCC,  VCC);
  _EQ023 = !_LC1_C9 & !_LC3_E26 &  _LC4_E26
         # !_LC1_C9 &  _LC4_E26 & !_LC7_E26
         # !_LC1_C9 &  _LC3_E26 & !_LC4_E26 &  _LC7_E26;

-- Node name is '|ip:ipi|:67' from file "ip.tdf" line 13, column 49
-- Equation name is '_LC7_E33', type is buried 
_LC7_E33 = LCELL( _EQ024);
  _EQ024 =  _LC3_E7 &  _LC4_E7;

-- Node name is '|ip:ipi|:71' from file "ip.tdf" line 13, column 49
-- Equation name is '_LC6_E33', type is buried 
_LC6_E33 = LCELL( _EQ025);
  _EQ025 =  _LC2_E33 &  _LC3_E7 &  _LC4_E7;

-- Node name is '|ip:ipi|:75' from file "ip.tdf" line 13, column 49
-- Equation name is '_LC5_E33', type is buried 
_LC5_E33 = LCELL( _EQ026);
  _EQ026 =  _LC1_E33 &  _LC2_E33 &  _LC3_E7 &  _LC4_E7;

-- Node name is '|ip:ipi|:83' from file "ip.tdf" line 13, column 49
-- Equation name is '_LC7_E26', type is buried 
_LC7_E26 = LCELL( _EQ027);
  _EQ027 =  _LC2_E26 &  _LC5_E26 &  _LC5_E33;

-- Node name is '~GND~' 
-- Equation name is '~GND~', location is LC1_C5, type is buried.
-- synthesized logic cell 
_LC1_C5  = LCELL( GND);

-- Node name is ':257' from file "cu.tdf" line 50, column 3
-- Equation name is '_LC1_C1', type is buried 
!_LC1_C1 = _LC1_C1~NOT;
_LC1_C1~NOT = LCELL( _EQ028);
  _EQ028 = !cmd0 & !cmd1 &  cmd2;

-- Node name is ':359' from file "cu.tdf" line 57, column 3
-- Equation name is '_LC4_C1', type is buried 
!_LC4_C1 = _LC4_C1~NOT;
_LC4_C1~NOT = LCELL( _EQ029);
  _EQ029 = !cmd0 &  cmd1 &  cmd2;

-- Node name is '~394~1' from file "cu.tdf" line 60, column 14
-- Equation name is '~394~1', location is LC8_C1, type is buried.
-- synthesized logic cell 
_LC8_C1  = LCELL( _EQ030);
  _EQ030 =  _EC9_C & !_LC1_C1 &  _LC3_C1 &  _LC8_C20
         #  _EC9_C & !_LC1_C1 & !_LC3_C1 & !_LC8_C20
         # !_EC9_C & !_LC1_C1 &  _LC3_C1 & !_LC8_C20
         # !_EC9_C & !_LC1_C1 & !_LC3_C1 &  _LC8_C20;

-- Node name is '~397~1' from file "cu.tdf" line 60, column 14
-- Equation name is '~397~1', location is LC3_C20, type is buried.
-- synthesized logic cell 
_LC3_C20 = LCELL( _EQ031);
  _EQ031 =  _EC3_C & !_LC1_C1 &  _LC5_C20 &  _LC8_C9
         #  _EC3_C & !_LC1_C1 & !_LC5_C20 & !_LC8_C9
         # !_EC3_C & !_LC1_C1 & !_LC5_C20 &  _LC8_C9
         # !_EC3_C & !_LC1_C1 &  _LC5_C20 & !_LC8_C9;

-- Node name is '~400~1' from file "cu.tdf" line 60, column 14
-- Equation name is '~400~1', location is LC7_C20, type is buried.
-- synthesized logic cell 
_LC7_C20 = LCELL( _EQ032);
  _EQ032 =  _EC11_C & !_LC1_C1 &  _LC1_C20 &  _LC6_C20
         # !_EC11_C & !_LC1_C1 &  _LC1_C20 & !_LC6_C20
         #  _EC11_C & !_LC1_C1 & !_LC1_C20 & !_LC6_C20
         # !_EC11_C & !_LC1_C1 & !_LC1_C20 &  _LC6_C20;

-- Node name is ':403' from file "cu.tdf" line 61, column 3
-- Equation name is '_LC1_C8', type is buried 
!_LC1_C8 = _LC1_C8~NOT;
_LC1_C8~NOT = LCELL( _EQ033);
  _EQ033 =  cmd0 & !cmd1 & !cmd2;

-- Node name is ':407' from file "cu.tdf" line 63, column 16
-- Equation name is '_LC8_E7', type is buried 
_LC8_E7  = LCELL( _EQ034);
  _EQ034 =  arg4 & !_LC1_C1
         #  arg4 & !_LC4_C1
         #  arg4 & !_LC1_C8;

-- Node name is ':410' from file "cu.tdf" line 63, column 16
-- Equation name is '_LC5_E7', type is buried 
_LC5_E7  = LCELL( _EQ035);
  _EQ035 =  arg3 & !_LC1_C1
         #  arg3 & !_LC4_C1
         #  arg3 & !_LC1_C8;

-- Node name is ':413' from file "cu.tdf" line 63, column 16
-- Equation name is '_LC4_E33', type is buried 
_LC4_E33 = LCELL( _EQ036);
  _EQ036 =  arg2 & !_LC1_C1
         #  arg2 & !_LC4_C1
         #  arg2 & !_LC1_C8;

-- Node name is ':416' from file "cu.tdf" line 63, column 16
-- Equation name is '_LC3_E33', type is buried 
_LC3_E33 = LCELL( _EQ037);
  _EQ037 =  arg1 & !_LC1_C1
         #  arg1 & !_LC4_C1
         #  arg1 & !_LC1_C8;

-- Node name is ':419' from file "cu.tdf" line 63, column 16
-- Equation name is '_LC8_E26', type is buried 
_LC8_E26 = LCELL( _EQ038);
  _EQ038 =  arg0 & !_LC1_C1
         #  arg0 & !_LC4_C1
         #  arg0 & !_LC1_C8;

-- Node name is ':421' from file "cu.tdf" line 64, column 16
-- Equation name is '_LC6_C8', type is buried 
_LC6_C8  = LCELL( _EQ039);
  _EQ039 =  cmd0 & !cmd1 & !cmd2 &  _LC4_C14;

-- Node name is ':423' from file "cu.tdf" line 64, column 16
-- Equation name is '_LC5_C8', type is buried 
_LC5_C8  = LCELL( _EQ040);
  _EQ040 =  cmd0 & !cmd1 & !cmd2 &  _LC2_C14;

-- Node name is ':425' from file "cu.tdf" line 64, column 16
-- Equation name is '_LC7_C8', type is buried 
_LC7_C8  = LCELL( _EQ041);
  _EQ041 =  cmd0 & !cmd1 & !cmd2 &  _LC3_C17;

-- Node name is ':427' from file "cu.tdf" line 64, column 16
-- Equation name is '_LC5_C9', type is buried 
_LC5_C9  = LCELL( _EQ042);
  _EQ042 =  cmd0 & !cmd1 & !cmd2 &  _LC1_C17;

-- Node name is ':429' from file "cu.tdf" line 64, column 16
-- Equation name is '_LC4_C9', type is buried 
_LC4_C9  = LCELL( _EQ043);
  _EQ043 =  cmd0 & !cmd1 & !cmd2 &  _LC4_C20;

-- Node name is ':431' from file "cu.tdf" line 64, column 16
-- Equation name is '_LC6_C1', type is buried 
_LC6_C1  = LCELL( _EQ044);
  _EQ044 =  cmd0 & !cmd1 & !cmd2 &  _LC3_C1;

-- Node name is ':433' from file "cu.tdf" line 64, column 16
-- Equation name is '_LC3_C9', type is buried 
_LC3_C9  = LCELL( _EQ045);
  _EQ045 =  cmd0 & !cmd1 & !cmd2 &  _LC8_C9;

-- Node name is ':435' from file "cu.tdf" line 64, column 16
-- Equation name is '_LC2_C9', type is buried 
_LC2_C9  = LCELL( _EQ046);
  _EQ046 =  cmd0 & !cmd1 & !cmd2 &  _LC1_C20;

-- Node name is ':439' from file "cu.tdf" line 65, column 3
-- Equation name is '_LC5_C1', type is buried 
!_LC5_C1 = _LC5_C1~NOT;
_LC5_C1~NOT = LCELL( _EQ047);
  _EQ047 =  cmd0 & !cmd1 &  cmd2;

-- Node name is ':441' from file "cu.tdf" line 66, column 12
-- Equation name is '_LC7_C1', type is buried 
_LC7_C1  = LCELL( _EQ048);
  _EQ048 = !_LC5_C1
         # !_LC1_C1
         # !_LC4_C1;

-- Node name is '~444~1' from file "cu.tdf" line 67, column 14
-- Equation name is '~444~1', location is LC1_C14, type is buried.
-- synthesized logic cell 
_LC1_C14 = LCELL( _EQ049);
  _EQ049 = !_EC2_C & !_LC1_C1 &  _LC4_C14
         #  _EC2_C & !_LC1_C1 & !_LC4_C14;

-- Node name is '~444~2' from file "cu.tdf" line 67, column 14
-- Equation name is '~444~2', location is LC5_C14, type is buried.
-- synthesized logic cell 
_LC5_C14 = LCELL( _EQ050);
  _EQ050 =  _EC2_C & !_LC4_C1
         #  arg4 & !_LC5_C1;

-- Node name is '~447~1' from file "cu.tdf" line 67, column 14
-- Equation name is '~447~1', location is LC7_C14, type is buried.
-- synthesized logic cell 
_LC7_C14 = LCELL( _EQ051);
  _EQ051 =  _EC10_C & !_LC1_C1 &  _LC2_C14 &  _LC6_C14
         #  _EC10_C & !_LC1_C1 & !_LC2_C14 & !_LC6_C14
         # !_EC10_C & !_LC1_C1 &  _LC2_C14 & !_LC6_C14
         # !_EC10_C & !_LC1_C1 & !_LC2_C14 &  _LC6_C14;

-- Node name is '~447~2' from file "cu.tdf" line 67, column 14
-- Equation name is '~447~2', location is LC8_C14, type is buried.
-- synthesized logic cell 
_LC8_C14 = LCELL( _EQ052);
  _EQ052 =  _EC10_C & !_LC4_C1
         #  arg3 & !_LC5_C1;

-- Node name is '~450~1' from file "cu.tdf" line 67, column 14
-- Equation name is '~450~1', location is LC4_C17, type is buried.
-- synthesized logic cell 
_LC4_C17 = LCELL( _EQ053);
  _EQ053 =  _EC6_C & !_LC1_C1 &  _LC3_C14 &  _LC3_C17
         #  _EC6_C & !_LC1_C1 & !_LC3_C14 & !_LC3_C17
         # !_EC6_C & !_LC1_C1 & !_LC3_C14 &  _LC3_C17
         # !_EC6_C & !_LC1_C1 &  _LC3_C14 & !_LC3_C17;

-- Node name is '~450~2' from file "cu.tdf" line 67, column 14
-- Equation name is '~450~2', location is LC5_C17, type is buried.
-- synthesized logic cell 
_LC5_C17 = LCELL( _EQ054);
  _EQ054 =  _EC6_C & !_LC4_C1
         #  arg2 & !_LC5_C1;

-- Node name is '~453~1' from file "cu.tdf" line 67, column 14
-- Equation name is '~453~1', location is LC7_C17, type is buried.
-- synthesized logic cell 
_LC7_C17 = LCELL( _EQ055);
  _EQ055 =  _EC15_C & !_LC1_C1 &  _LC1_C17 &  _LC6_C17
         #  _EC15_C & !_LC1_C1 & !_LC1_C17 & !_LC6_C17
         # !_EC15_C & !_LC1_C1 &  _LC1_C17 & !_LC6_C17
         # !_EC15_C & !_LC1_C1 & !_LC1_C17 &  _LC6_C17;

-- Node name is '~453~2' from file "cu.tdf" line 67, column 14
-- Equation name is '~453~2', location is LC8_C17, type is buried.
-- synthesized logic cell 
_LC8_C17 = LCELL( _EQ056);
  _EQ056 =  _EC15_C & !_LC4_C1
         #  arg1 & !_LC5_C1;

-- Node name is '~456~1' from file "cu.tdf" line 67, column 14
-- Equation name is '~456~1', location is LC2_C20, type is buried.
-- synthesized logic cell 
_LC2_C20 = LCELL( _EQ057);
  _EQ057 =  _EC1_C & !_LC1_C1 &  _LC2_C17 &  _LC4_C20
         #  _EC1_C & !_LC1_C1 & !_LC2_C17 & !_LC4_C20
         # !_EC1_C & !_LC1_C1 & !_LC2_C17 &  _LC4_C20
         # !_EC1_C & !_LC1_C1 &  _LC2_C17 & !_LC4_C20;

-- Node name is '~456~2' from file "cu.tdf" line 67, column 14
-- Equation name is '~456~2', location is LC2_C1, type is buried.
-- synthesized logic cell 
_LC2_C1  = LCELL( _EQ058);
  _EQ058 =  _EC1_C & !_LC4_C1
         #  arg0 & !_LC5_C1;

-- Node name is '~487~1' from file "cu.tdf" line 73, column 12
-- Equation name is '~487~1', location is LC3_C8, type is buried.
-- synthesized logic cell 
_LC3_C8  = LCELL( _EQ059);
  _EQ059 =  _LC3_C17
         #  _LC2_C14
         #  _LC4_C14;

-- Node name is '~487~2' from file "cu.tdf" line 73, column 12
-- Equation name is '~487~2', location is LC6_C9, type is buried.
-- synthesized logic cell 
_LC6_C9  = LCELL( _EQ060);
  _EQ060 =  _LC8_C9
         #  _LC3_C1
         #  _LC4_C20;

-- Node name is '~487~3' from file "cu.tdf" line 73, column 12
-- Equation name is '~487~3', location is LC7_C9, type is buried.
-- synthesized logic cell 
_LC7_C9  = LCELL( _EQ061);
  _EQ061 =  _LC1_C17
         #  _LC3_C8
         #  _LC1_C20
         #  _LC6_C9;

-- Node name is ':487' from file "cu.tdf" line 73, column 12
-- Equation name is '_LC1_C9', type is buried 
!_LC1_C9 = _LC1_C9~NOT;
_LC1_C9~NOT = LCELL( _EQ062);
  _EQ062 =  cmd2 &  _LC7_C9
         # !cmd0
         # !cmd1;

-- Node name is '|ram:rami|lpm_ram_dq:mem|altram:sram|segment0_0' from file "altram.tdf" line 111, column 12
-- Equation name is '_EC2_C', type is memory 
_EC2_C   = MEMORY_SEGMENT( _LC6_C8, GLOBAL( clk), VCC,!_LC1_C8, VCC, _LC8_E7, _LC5_E7, _LC4_E33, _LC3_E33, _LC8_E26, _LC1_C5, _LC1_C5, _LC1_C5, VCC, VCC, VCC, _LC8_E7, _LC5_E7, _LC4_E33, _LC3_E33, _LC8_E26, _LC1_C5, _LC1_C5, _LC1_C5, VCC, VCC, VCC, VCC, VCC, VCC);

-- Node name is '|ram:rami|lpm_ram_dq:mem|altram:sram|segment0_1' from file "altram.tdf" line 111, column 12
-- Equation name is '_EC10_C', type is memory 
_EC10_C  = MEMORY_SEGMENT( _LC5_C8, GLOBAL( clk), VCC,!_LC1_C8, VCC, _LC8_E7, _LC5_E7, _LC4_E33, _LC3_E33, _LC8_E26, _LC1_C5, _LC1_C5, _LC1_C5, VCC, VCC, VCC, _LC8_E7, _LC5_E7, _LC4_E33, _LC3_E33, _LC8_E26, _LC1_C5, _LC1_C5, _LC1_C5, VCC, VCC, VCC, VCC, VCC, VCC);

-- Node name is '|ram:rami|lpm_ram_dq:mem|altram:sram|segment0_2' from file "altram.tdf" line 111, column 12
-- Equation name is '_EC6_C', type is memory 
_EC6_C   = MEMORY_SEGMENT( _LC7_C8, GLOBAL( clk), VCC,!_LC1_C8, VCC, _LC8_E7, _LC5_E7, _LC4_E33, _LC3_E33, _LC8_E26, _LC1_C5, _LC1_C5, _LC1_C5, VCC, VCC, VCC, _LC8_E7, _LC5_E7, _LC4_E33, _LC3_E33, _LC8_E26, _LC1_C5, _LC1_C5, _LC1_C5, VCC, VCC, VCC, VCC, VCC, VCC);

-- Node name is '|ram:rami|lpm_ram_dq:mem|altram:sram|segment0_3' from file "altram.tdf" line 111, column 12
-- Equation name is '_EC15_C', type is memory 
_EC15_C  = MEMORY_SEGMENT( _LC5_C9, GLOBAL( clk), VCC,!_LC1_C8, VCC, _LC8_E7, _LC5_E7, _LC4_E33, _LC3_E33, _LC8_E26, _LC1_C5, _LC1_C5, _LC1_C5, VCC, VCC, VCC, _LC8_E7, _LC5_E7, _LC4_E33, _LC3_E33, _LC8_E26, _LC1_C5, _LC1_C5, _LC1_C5, VCC, VCC, VCC, VCC, VCC, VCC);

-- Node name is '|ram:rami|lpm_ram_dq:mem|altram:sram|segment0_4' from file "altram.tdf" line 111, column 12
-- Equation name is '_EC1_C', type is memory 
_EC1_C   = MEMORY_SEGMENT( _LC4_C9, GLOBAL( clk), VCC,!_LC1_C8, VCC, _LC8_E7, _LC5_E7, _LC4_E33, _LC3_E33, _LC8_E26, _LC1_C5, _LC1_C5, _LC1_C5, VCC, VCC, VCC, _LC8_E7, _LC5_E7, _LC4_E33, _LC3_E33, _LC8_E26, _LC1_C5, _LC1_C5, _LC1_C5, VCC, VCC, VCC, VCC, VCC, VCC);

-- Node name is '|ram:rami|lpm_ram_dq:mem|altram:sram|segment0_5' from file "altram.tdf" line 111, column 12
-- Equation name is '_EC9_C', type is memory 
_EC9_C   = MEMORY_SEGMENT( _LC6_C1, GLOBAL( clk), VCC,!_LC1_C8, VCC, _LC8_E7, _LC5_E7, _LC4_E33, _LC3_E33, _LC8_E26, _LC1_C5, _LC1_C5, _LC1_C5, VCC, VCC, VCC, _LC8_E7, _LC5_E7, _LC4_E33, _LC3_E33, _LC8_E26, _LC1_C5, _LC1_C5, _LC1_C5, VCC, VCC, VCC, VCC, VCC, VCC);

-- Node name is '|ram:rami|lpm_ram_dq:mem|altram:sram|segment0_6' from file "altram.tdf" line 111, column 12
-- Equation name is '_EC3_C', type is memory 
_EC3_C   = MEMORY_SEGMENT( _LC3_C9, GLOBAL( clk), VCC,!_LC1_C8, VCC, _LC8_E7, _LC5_E7, _LC4_E33, _LC3_E33, _LC8_E26, _LC1_C5, _LC1_C5, _LC1_C5, VCC, VCC, VCC, _LC8_E7, _LC5_E7, _LC4_E33, _LC3_E33, _LC8_E26, _LC1_C5, _LC1_C5, _LC1_C5, VCC, VCC, VCC, VCC, VCC, VCC);

-- Node name is '|ram:rami|lpm_ram_dq:mem|altram:sram|segment0_7' from file "altram.tdf" line 111, column 12
-- Equation name is '_EC11_C', type is memory 
_EC11_C  = MEMORY_SEGMENT( _LC2_C9, GLOBAL( clk), VCC,!_LC1_C8, VCC, _LC8_E7, _LC5_E7, _LC4_E33, _LC3_E33, _LC8_E26, _LC1_C5, _LC1_C5, _LC1_C5, VCC, VCC, VCC, _LC8_E7, _LC5_E7, _LC4_E33, _LC3_E33, _LC8_E26, _LC1_C5, _LC1_C5, _LC1_C5, VCC, VCC, VCC, VCC, VCC, VCC);

-- Node name is '|rom:romi|lpm_rom:mem|altrom:srom|segment0_0' from file "altrom.tdf" line 92, column 11
-- Equation name is '_EC1_E', type is memory 
_EC1_E   = MEMORY_SEGMENT( VCC, VCC, VCC, GND, VCC, _LC3_E7, _LC4_E7, _LC2_E33, _LC1_E33, _LC2_E26, _LC5_E26, _LC3_E26, _LC4_E26, VCC, VCC, VCC, _LC3_E7, _LC4_E7, _LC2_E33, _LC1_E33, _LC2_E26, _LC5_E26, _LC3_E26, _LC4_E26, VCC, VCC, VCC, VCC, VCC, VCC);

-- Node name is '|rom:romi|lpm_rom:mem|altrom:srom|segment0_1' from file "altrom.tdf" line 92, column 11
-- Equation name is '_EC11_E', type is memory 
_EC11_E  = MEMORY_SEGMENT( VCC, VCC, VCC, GND, VCC, _LC3_E7, _LC4_E7, _LC2_E33, _LC1_E33, _LC2_E26, _LC5_E26, _LC3_E26, _LC4_E26, VCC, VCC, VCC, _LC3_E7, _LC4_E7, _LC2_E33, _LC1_E33, _LC2_E26, _LC5_E26, _LC3_E26, _LC4_E26, VCC, VCC, VCC, VCC, VCC, VCC);

-- Node name is '|rom:romi|lpm_rom:mem|altrom:srom|segment0_2' from file "altrom.tdf" line 92, column 11
-- Equation name is '_EC3_E', type is memory 
_EC3_E   = MEMORY_SEGMENT( VCC, VCC, VCC, GND, VCC, _LC3_E7, _LC4_E7, _LC2_E33, _LC1_E33, _LC2_E26, _LC5_E26, _LC3_E26, _LC4_E26, VCC, VCC, VCC, _LC3_E7, _LC4_E7, _LC2_E33, _LC1_E33, _LC2_E26, _LC5_E26, _LC3_E26, _LC4_E26, VCC, VCC, VCC, VCC, VCC, VCC);

-- Node name is '|rom:romi|lpm_rom:mem|altrom:srom|segment0_3' from file "altrom.tdf" line 92, column 11
-- Equation name is '_EC10_E', type is memory 
_EC10_E  = MEMORY_SEGMENT( VCC, VCC, VCC, GND, VCC, _LC3_E7, _LC4_E7, _LC2_E33, _LC1_E33, _LC2_E26, _LC5_E26, _LC3_E26, _LC4_E26, VCC, VCC, VCC, _LC3_E7, _LC4_E7, _LC2_E33, _LC1_E33, _LC2_E26, _LC5_E26, _LC3_E26, _LC4_E26, VCC, VCC, VCC, VCC, VCC, VCC);

-- Node name is '|rom:romi|lpm_rom:mem|altrom:srom|segment0_4' from file "altrom.tdf" line 92, column 11
-- Equation name is '_EC4_E', type is memory 
_EC4_E   = MEMORY_SEGMENT( VCC, VCC, VCC, GND, VCC, _LC3_E7, _LC4_E7, _LC2_E33, _LC1_E33, _LC2_E26, _LC5_E26, _LC3_E26, _LC4_E26, VCC, VCC, VCC, _LC3_E7, _LC4_E7, _LC2_E33, _LC1_E33, _LC2_E26, _LC5_E26, _LC3_E26, _LC4_E26, VCC, VCC, VCC, VCC, VCC, VCC);

-- Node name is '|rom:romi|lpm_rom:mem|altrom:srom|segment0_5' from file "altrom.tdf" line 92, column 11
-- Equation name is '_EC12_E', type is memory 
_EC12_E  = MEMORY_SEGMENT( VCC, VCC, VCC, GND, VCC, _LC3_E7, _LC4_E7, _LC2_E33, _LC1_E33, _LC2_E26, _LC5_E26, _LC3_E26, _LC4_E26, VCC, VCC, VCC, _LC3_E7, _LC4_E7, _LC2_E33, _LC1_E33, _LC2_E26, _LC5_E26, _LC3_E26, _LC4_E26, VCC, VCC, VCC, VCC, VCC, VCC);

-- Node name is '|rom:romi|lpm_rom:mem|altrom:srom|segment0_6' from file "altrom.tdf" line 92, column 11
-- Equation name is '_EC2_E', type is memory 
_EC2_E   = MEMORY_SEGMENT( VCC, VCC, VCC, GND, VCC, _LC3_E7, _LC4_E7, _LC2_E33, _LC1_E33, _LC2_E26, _LC5_E26, _LC3_E26, _LC4_E26, VCC, VCC, VCC, _LC3_E7, _LC4_E7, _LC2_E33, _LC1_E33, _LC2_E26, _LC5_E26, _LC3_E26, _LC4_E26, VCC, VCC, VCC, VCC, VCC, VCC);

-- Node name is '|rom:romi|lpm_rom:mem|altrom:srom|segment0_7' from file "altrom.tdf" line 92, column 11
-- Equation name is '_EC9_E', type is memory 
_EC9_E   = MEMORY_SEGMENT( VCC, VCC, VCC, GND, VCC, _LC3_E7, _LC4_E7, _LC2_E33, _LC1_E33, _LC2_E26, _LC5_E26, _LC3_E26, _LC4_E26, VCC, VCC, VCC, _LC3_E7, _LC4_E7, _LC2_E33, _LC1_E33, _LC2_E26, _LC5_E26, _LC3_E26, _LC4_E26, VCC, VCC, VCC, VCC, VCC, VCC);



Project Information                            c:\maxplus2\projects\cpu\cu.rpt

** COMPILATION SETTINGS & TIMES **

Processing Menu Commands
------------------------

Design Doctor                             = off

Logic Synthesis:

   Synthesis Type Used                    = Multi-Level

   Default Synthesis Style                = NORMAL

      Logic option settings in 'NORMAL' style for 'ACEX1K' family

      CARRY_CHAIN                         = ignore
      CARRY_CHAIN_LENGTH                  = 32
      CASCADE_CHAIN                       = ignore
      CASCADE_CHAIN_LENGTH                = 2
      DECOMPOSE_GATES                     = on
      DUPLICATE_LOGIC_EXTRACTION          = on
      MINIMIZATION                        = full
      MULTI_LEVEL_FACTORING               = on
      NOT_GATE_PUSH_BACK                  = on
      REDUCE_LOGIC                        = on
      REFACTORIZATION                     = on
      REGISTER_OPTIMIZATION               = on
      RESYNTHESIZE_NETWORK                = on
      SLOW_SLEW_RATE                      = off
      SUBFACTOR_EXTRACTION                = on
      IGNORE_SOFT_BUFFERS                 = on
      USE_LPM_FOR_AHDL_OPERATORS          = off

   Other logic synthesis settings:

      Automatic Global Clock              = on
      Automatic Global Clear              = on
      Automatic Global Preset             = on
      Automatic Global Output Enable      = on
      Automatic Fast I/O                  = off
      Automatic Register Packing          = off
      Automatic Open-Drain Pins           = on
      Automatic Implement in EAB          = off
      Optimize                            = 5

Default Timing Specifications: None

Cut All Bidir Feedback Timing Paths       = on
Cut All Clear & Preset Timing Paths       = on

Ignore Timing Assignments                 = off

Functional SNF Extractor                  = off

Linked SNF Extractor                      = off
Timing SNF Extractor                      = on
Optimize Timing SNF                       = off
Generate AHDL TDO File                    = off
Fitter Settings                           = NORMAL
Use Quartus Fitter                        = on
Smart Recompile                           = off
Total Recompile                           = off

Interfaces Menu Commands
------------------------

EDIF Netlist Writer                       = off
Verilog Netlist Writer                    = off
VHDL Netlist Writer                       = off

Compilation Times
-----------------

   Compiler Netlist Extractor             00:00:00
   Database Builder                       00:00:01
   Logic Synthesizer                      00:00:00
   Partitioner                            00:00:00
   Fitter                                 00:00:01
   Timing SNF Extractor                   00:00:00
   Assembler                              00:00:00
   --------------------------             --------
   Total Time                             00:00:02


Memory Allocated
-----------------

Peak memory allocated during compilation  = 36,308K
