Project Information                            c:\maxplus2\projects\cpu\ip.rpt

MAX+plus II Compiler Report File
Version 9.6 3/22/2000
Compiled: 05/07/2017 18:56:12

Copyright (C) 1988-2000 Altera Corporation
Any megafunction design, and related net list (encrypted or decrypted),
support information, device programming or simulation file, and any other
associated documentation or information provided by Altera or a partner
under Altera's Megafunction Partnership Program may be used only to
program PLD devices (but not masked PLD devices) from Altera.  Any other
use of such megafunction design, net list, support information, device
programming or simulation file, or any other related documentation or
information is prohibited for any other purpose, including, but not
limited to modification, reverse engineering, de-compiling, or use with
any other silicon devices, unless such use is explicitly licensed under
a separate agreement with Altera or a megafunction partner.  Title to
the intellectual property, including patents, copyrights, trademarks,
trade secrets, or maskworks, embodied in any such megafunction design,
net list, support information, device programming or simulation file, or
any other related documentation or information provided by Altera or a
megafunction partner, remains with Altera, the megafunction partner, or
their respective licensors.  No other licenses, including any licenses
needed under any third party's intellectual property, are provided herein.



***** Project compilation was successful


Untitled


** DEVICE SUMMARY **

Chip/                     Input Output Bidir  Memory  Memory  			 LCs
POF       Device          Pins  Pins   Pins   Bits % Utilized  LCs  % Utilized

ip        EP1K30TC144-1    10     8      0    0         0  %    11       0  %

User Pins:                 10     8      0  



Project Information                            c:\maxplus2\projects\cpu\ip.rpt

** PROJECT COMPILATION MESSAGES **

Warning: Line 3, File c:\maxplus2\projects\cpu\ip.tdf:
   Group MSB will be "newValue0", overrides default order of bits or BIT0=LSB in Options Statement
Warning: Line 6, File c:\maxplus2\projects\cpu\ip.tdf:
   Group MSB will be "addr0", overrides default order of bits or BIT0=LSB in Options Statement
Warning: Line 13, File c:\maxplus2\projects\cpu\ip.tdf:
   Group "newValue" is missing brackets []
Warning: Line 13, File c:\maxplus2\projects\cpu\ip.tdf:
   Group "curr" is missing brackets []


** PROJECT TIMING MESSAGES **

Warning: Timing characteristics of device EP1K30TC144-1 are preliminary


Device-Specific Information:                   c:\maxplus2\projects\cpu\ip.rpt
ip

***** Logic for device 'ip' compiled without errors.




Device: EP1K30TC144-1

ACEX 1K Configuration Scheme: Passive Serial

Device Options:
    User-Supplied Start-Up Clock               = OFF
    Auto-Restart Configuration on Frame Error  = OFF
    Release Clears Before Tri-States           = OFF
    Enable Chip_Wide Reset                     = OFF
    Enable Chip-Wide Output Enable             = OFF
    Enable INIT_DONE Output                    = OFF
    JTAG User Code                             = 7f
    MultiVolt I/O                              = OFF
    Enable Lock Output                         = OFF

                                                                                         
                      n                 n                             n                  
                R R R e R   R R R R   R e R R   R             R R R   e R   R R R R R R  
                E E E w E   E E E E   E w E E   E             E E E   w E   E E E E E E  
                S S S V S   S S S S   S V S S   S V           S S S   V S   S S S S S S  
                E E E a E   E E E E V E a E E   E C         a E E E a a E V E E E E E E  
                R R R l R   R R R R C R l R R   R C         d R R R d l R C R R R R R R  
                V V V u V G V V V V C V u V V G V I G G G G d V V V d u V C V V V V V V  
                E E E e E N E E E E I E e E E N E N N N N N r E E E r e E I E E E E E E  
                D D D 1 D D D D D D O D 2 D D D D T D D D D 4 D D D 1 3 D O D D D D D D  
              --------------------------------------------------------------------------_ 
             / 144 142 140 138 136 134 132 130 128 126 124 122 120 118 116 114 112 110   |_ 
            /    143 141 139 137 135 133 131 129 127 125 123 121 119 117 115 113 111 109    | 
      #TCK |  1                                                                         108 | ^DATA0 
^CONF_DONE |  2                                                                         107 | ^DCLK 
     ^nCEO |  3                                                                         106 | ^nCE 
      #TDO |  4                                                                         105 | #TDI 
     VCCIO |  5                                                                         104 | GND 
       GND |  6                                                                         103 | VCCINT 
  RESERVED |  7                                                                         102 | addr7 
  RESERVED |  8                                                                         101 | RESERVED 
  RESERVED |  9                                                                         100 | RESERVED 
  RESERVED | 10                                                                          99 | newValue5 
  RESERVED | 11                                                                          98 | RESERVED 
 newValue4 | 12                                                                          97 | RESERVED 
     addr6 | 13                                                                          96 | RESERVED 
  RESERVED | 14                                                                          95 | RESERVED 
       GND | 15                                                                          94 | VCCIO 
    VCCINT | 16                                                                          93 | GND 
  RESERVED | 17                                                                          92 | RESERVED 
  RESERVED | 18                                                                          91 | addr5 
  RESERVED | 19                              EP1K30TC144-1                               90 | RESERVED 
  RESERVED | 20                                                                          89 | RESERVED 
  RESERVED | 21                                                                          88 | RESERVED 
  RESERVED | 22                                                                          87 | RESERVED 
  RESERVED | 23                                                                          86 | addr3 
     VCCIO | 24                                                                          85 | VCCINT 
       GND | 25                                                                          84 | GND 
 newValue7 | 26                                                                          83 | RESERVED 
 newValue6 | 27                                                                          82 | RESERVED 
  RESERVED | 28                                                                          81 | RESERVED 
  RESERVED | 29                                                                          80 | RESERVED 
 newValue0 | 30                                                                          79 | RESERVED 
  RESERVED | 31                                                                          78 | RESERVED 
  RESERVED | 32                                                                          77 | ^MSEL0 
        we | 33                                                                          76 | ^MSEL1 
      #TMS | 34                                                                          75 | VCCINT 
  ^nSTATUS | 35                                                                          74 | ^nCONFIG 
  RESERVED | 36                                                                          73 | addr2 
           |      38  40  42  44  46  48  50  52  54  56  58  60  62  64  66  68  70  72  _| 
            \   37  39  41  43  45  47  49  51  53  55  57  59  61  63  65  67  69  71   | 
             \--------------------------------------------------------------------------- 
                R R R G R R R R V R R R R V a G V G c G G G R R V R R R R G R R R R V R  
                E E E N E E E E C E E E E C d N C N l N N N E E C E E E E N E E E E C E  
                S S S D S S S S C S S S S C d D C D k D D D S S C S S S S D S S S S C S  
                E E E   E E E E I E E E E I r   _       _   E E I E E E E   E E E E I E  
                R R R   R R R R O R R R R N 0   C       C   R R O R R R R   R R R R O R  
                V V V   V V V V   V V V V T     K       K   V V   V V V V   V V V V   V  
                E E E   E E E E   E E E E       L       L   E E   E E E E   E E E E   E  
                D D D   D D D D   D D D D       K       K   D D   D D D D   D D D D   D  
                                                                                         
                                                                                         


N.C. = No Connect. This pin has no internal connection to the device.
VCCINT = Dedicated power pin, which MUST be connected to VCC (2.5 volts).
VCCIO = Dedicated power pin, which MUST be connected to VCC (2.5 volts).
GND = Dedicated ground pin or unused dedicated input, which MUST be connected to GND.
RESERVED = Unused I/O pin, which MUST be left unconnected.

^ = Dedicated configuration pin.
+ = Reserved configuration pin, which is tri-stated during user mode.
* = Reserved configuration pin, which drives out in user mode.
PDn = Power Down pin. 
@ = Special-purpose pin. 
# = JTAG Boundary-Scan Testing/In-System Programming or Configuration Pin. The JTAG inputs TMS and TDI should be tied to VCC and TCK should be tied to GND when not in use.
& = JTAG pin used for I/O. When used as user I/O, JTAG pins must be kept stable before and during configuration.  JTAG pin stability prevents accidental loading of JTAG instructions.
$ = Pin has PCI I/O option enabled. Pin is neither '5.0 V'- nor '3.3 V'-tolerant. 


Device-Specific Information:                   c:\maxplus2\projects\cpu\ip.rpt
ip

** RESOURCE USAGE **

Logic                Column       Row                                   
Array                Interconnect Interconnect         Clears/     External  
Block   Logic Cells  Driven       Driven       Clocks  Presets   Interconnect
C18      1/ 8( 12%)   1/ 8( 12%)   0/ 8(  0%)    1/2    0/2       2/22(  9%)   
E1       7/ 8( 87%)   4/ 8( 50%)   2/ 8( 25%)    1/2    0/2       7/22( 31%)   
E9       2/ 8( 25%)   2/ 8( 25%)   1/ 8( 12%)    1/2    0/2       4/22( 18%)   
F20      1/ 8( 12%)   1/ 8( 12%)   0/ 8(  0%)    1/2    0/2       3/22( 13%)   


Embedded             Column       Row                                   
Array     Embedded   Interconnect Interconnect         Read/      External  
Block     Cells      Driven       Driven       Clocks  Write    Interconnect


Total dedicated input pins used:                 1/6      ( 16%)
Total I/O pins used:                            17/96     ( 17%)
Total logic cells used:                         11/1728   (  0%)
Total embedded cells used:                       0/96     (  0%)
Total EABs used:                                 0/6      (  0%)
Average fan-in:                                 3.36/4    ( 84%)
Total fan-in:                                  37/6912    (  0%)

Total input pins required:                      10
Total input I/O cell registers required:         0
Total output pins required:                      8
Total output I/O cell registers required:        0
Total buried I/O cell registers required:        0
Total bidirectional pins required:               0
Total reserved pins required                     0
Total logic cells required:                     11
Total flipflops required:                        8
Total packed registers required:                 0
Total logic cells in carry chains:               0
Total number of carry chains:                    0
Total logic cells in cascade chains:             0
Total number of cascade chains:                  0
Total single-pin Clock Enables required:         0
Total single-pin Output Enables required:        0

Synthesized logic cells:                         0/1728   (  0%)

Logic Cell and Embedded Cell Counts

Column:  01  02  03  04  05  06  07  08  09  10  11  12  13  14  15  16  17  18  EA  19  20  21  22  23  24  25  26  27  28  29  30  31  32  33  34  35  36  Total(LC/EC)
 A:      0   0   0   0   0   0   0   0   0   0   0   0   0   0   0   0   0   0   0   0   0   0   0   0   0   0   0   0   0   0   0   0   0   0   0   0   0      0/0  
 B:      0   0   0   0   0   0   0   0   0   0   0   0   0   0   0   0   0   0   0   0   0   0   0   0   0   0   0   0   0   0   0   0   0   0   0   0   0      0/0  
 C:      0   0   0   0   0   0   0   0   0   0   0   0   0   0   0   0   0   1   0   0   0   0   0   0   0   0   0   0   0   0   0   0   0   0   0   0   0      1/0  
 D:      0   0   0   0   0   0   0   0   0   0   0   0   0   0   0   0   0   0   0   0   0   0   0   0   0   0   0   0   0   0   0   0   0   0   0   0   0      0/0  
 E:      7   0   0   0   0   0   0   0   2   0   0   0   0   0   0   0   0   0   0   0   0   0   0   0   0   0   0   0   0   0   0   0   0   0   0   0   0      9/0  
 F:      0   0   0   0   0   0   0   0   0   0   0   0   0   0   0   0   0   0   0   0   1   0   0   0   0   0   0   0   0   0   0   0   0   0   0   0   0      1/0  

Total:   7   0   0   0   0   0   0   0   2   0   0   0   0   0   0   0   0   1   0   0   1   0   0   0   0   0   0   0   0   0   0   0   0   0   0   0   0     11/0  



Device-Specific Information:                   c:\maxplus2\projects\cpu\ip.rpt
ip

** INPUTS **

                                                    Fan-In    Fan-Out
 Pin     LC     EC   Row  Col  Primitive    Code      INP  FBK  OUT  FBK  Name
  55      -     -    -    --      INPUT  G          ^    0    0    0    0  clk
  30      -     -    F    --      INPUT             ^    0    0    0    1  newValue0
 141      -     -    -    33      INPUT             ^    0    0    0    1  newValue1
 132      -     -    -    26      INPUT             ^    0    0    0    1  newValue2
 117      -     -    -    08      INPUT             ^    0    0    0    1  newValue3
  12      -     -    C    --      INPUT             ^    0    0    0    1  newValue4
  99      -     -    B    --      INPUT             ^    0    0    0    1  newValue5
  27      -     -    E    --      INPUT             ^    0    0    0    1  newValue6
  26      -     -    E    --      INPUT             ^    0    0    0    1  newValue7
  33      -     -    F    --      INPUT             ^    0    0    0    8  we


Code:

s = Synthesized pin or logic cell
+ = Synchronous flipflop
/ = Slow slew-rate output
! = NOT gate push-back
r = Fitter-inserted logic cell
^ = Increased input delay
* = PCI I/O is enabled
@ = Uses single-pin Clock Enable
& = Uses single-pin Output Enable
G = Global Source. Fan-out destinations counted here do not include destinations
that are driven using global routing resources. Refer to the Auto Global Signals,
Clock Signals, Clear Signals, Synchronous Load Signals, and Synchronous Clear Signals
Sections of this Report File for information on which signals' fan-outs are used as
Clock, Clear, Preset, Output Enable, and synchronous Load signals.


Device-Specific Information:                   c:\maxplus2\projects\cpu\ip.rpt
ip

** OUTPUTS **

       Fed By Fed By                                Fan-In    Fan-Out
 Pin     LC     EC   Row  Col  Primitive    Code      INP  FBK  OUT  FBK  Name
  51      -     -    -    20     OUTPUT                 0    1    0    0  addr0
 118      -     -    -    09     OUTPUT                 0    1    0    0  addr1
  73      -     -    -    01     OUTPUT                 0    1    0    0  addr2
  86      -     -    E    --     OUTPUT                 0    1    0    0  addr3
 122      -     -    -    18     OUTPUT                 0    1    0    0  addr4
  91      -     -    D    --     OUTPUT                 0    1    0    0  addr5
  13      -     -    C    --     OUTPUT                 0    1    0    0  addr6
 102      -     -    A    --     OUTPUT                 0    1    0    0  addr7


Code:

s = Synthesized pin or logic cell
+ = Synchronous flipflop
/ = Slow slew-rate output
! = NOT gate push-back
r = Fitter-inserted logic cell
^ = Increased input delay
* = PCI I/O is enabled
@ = Uses single-pin Clock Enable
& = Uses single-pin Output Enable


Device-Specific Information:                   c:\maxplus2\projects\cpu\ip.rpt
ip

** BURIED LOGIC **

                                                    Fan-In    Fan-Out
 IOC     LC     EC   Row  Col  Primitive    Code      INP  FBK  OUT  FBK  Name
   -      1     -    E    01       DFFE   +            2    0    1    0  curr0
   -      3     -    E    01       DFFE   +            2    0    1    0  curr1
   -      3     -    E    09       DFFE   +            2    0    1    0  curr2
   -      1     -    C    18       DFFE   +            2    0    1    4  curr3
   -      4     -    E    01       DFFE   +            2    1    1    3  curr4
   -      6     -    E    01       DFFE   +            2    1    1    2  curr5
   -      1     -    E    09       DFFE   +            2    1    1    1  curr6
   -      2     -    F    20       DFFE   +            2    1    1    0  curr7
   -      7     -    E    01       AND2                0    2    0    1  :73
   -      5     -    E    01       AND2                0    3    0    1  :77
   -      2     -    E    01       AND2                0    4    0    1  :81


Code:

s = Synthesized pin or logic cell
+ = Synchronous flipflop
/ = Slow slew-rate output
! = NOT gate push-back
r = Fitter-inserted logic cell
^ = Increased input delay
* = PCI I/O is enabled
p = Packed register


Device-Specific Information:                   c:\maxplus2\projects\cpu\ip.rpt
ip

** FASTTRACK INTERCONNECT UTILIZATION **

Row FastTrack Interconnect:

          Global         Left Half-      Right Half-
         FastTrack       FastTrack       FastTrack 
Row     Interconnect    Interconnect    Interconnect    Input Pins     Output Pins     Bidir Pins
A:       0/144(  0%)     1/ 72(  1%)     0/ 72(  0%)    0/16(  0%)      1/16(  6%)     0/16(  0%)
B:       1/144(  0%)     0/ 72(  0%)     0/ 72(  0%)    1/16(  6%)      0/16(  0%)     0/16(  0%)
C:       3/144(  2%)     0/ 72(  0%)     0/ 72(  0%)    1/16(  6%)      1/16(  6%)     0/16(  0%)
D:       0/144(  0%)     1/ 72(  1%)     0/ 72(  0%)    0/16(  0%)      1/16(  6%)     0/16(  0%)
E:       9/144(  6%)     2/ 72(  2%)     0/ 72(  0%)    2/16( 12%)      1/16(  6%)     0/16(  0%)
F:       3/144(  2%)     0/ 72(  0%)     0/ 72(  0%)    2/16( 12%)      0/16(  0%)     0/16(  0%)


Column FastTrack Interconnect:

         FastTrack                                 
Column  Interconnect    Input Pins     Output Pins     Bidir Pins
01:      4/24( 16%)     0/4(  0%)      1/4( 25%)       0/4(  0%)
02:      0/24(  0%)     0/4(  0%)      0/4(  0%)       0/4(  0%)
03:      0/24(  0%)     0/4(  0%)      0/4(  0%)       0/4(  0%)
04:      0/24(  0%)     0/4(  0%)      0/4(  0%)       0/4(  0%)
05:      0/24(  0%)     0/4(  0%)      0/4(  0%)       0/4(  0%)
06:      0/24(  0%)     0/4(  0%)      0/4(  0%)       0/4(  0%)
07:      0/24(  0%)     0/4(  0%)      0/4(  0%)       0/4(  0%)
08:      1/24(  4%)     1/4( 25%)      0/4(  0%)       0/4(  0%)
09:      2/24(  8%)     0/4(  0%)      1/4( 25%)       0/4(  0%)
10:      0/24(  0%)     0/4(  0%)      0/4(  0%)       0/4(  0%)
11:      0/24(  0%)     0/4(  0%)      0/4(  0%)       0/4(  0%)
12:      0/24(  0%)     0/4(  0%)      0/4(  0%)       0/4(  0%)
13:      0/24(  0%)     0/4(  0%)      0/4(  0%)       0/4(  0%)
14:      0/24(  0%)     0/4(  0%)      0/4(  0%)       0/4(  0%)
15:      0/24(  0%)     0/4(  0%)      0/4(  0%)       0/4(  0%)
16:      0/24(  0%)     0/4(  0%)      0/4(  0%)       0/4(  0%)
17:      0/24(  0%)     0/4(  0%)      0/4(  0%)       0/4(  0%)
18:      1/24(  4%)     0/4(  0%)      1/4( 25%)       0/4(  0%)
19:      0/24(  0%)     0/4(  0%)      0/4(  0%)       0/4(  0%)
20:      1/24(  4%)     0/4(  0%)      1/4( 25%)       0/4(  0%)
21:      0/24(  0%)     0/4(  0%)      0/4(  0%)       0/4(  0%)
22:      0/24(  0%)     0/4(  0%)      0/4(  0%)       0/4(  0%)
23:      0/24(  0%)     0/4(  0%)      0/4(  0%)       0/4(  0%)
24:      0/24(  0%)     0/4(  0%)      0/4(  0%)       0/4(  0%)
25:      0/24(  0%)     0/4(  0%)      0/4(  0%)       0/4(  0%)
26:      1/24(  4%)     1/4( 25%)      0/4(  0%)       0/4(  0%)
27:      0/24(  0%)     0/4(  0%)      0/4(  0%)       0/4(  0%)
28:      0/24(  0%)     0/4(  0%)      0/4(  0%)       0/4(  0%)
29:      1/24(  4%)     0/4(  0%)      0/4(  0%)       0/4(  0%)
30:      0/24(  0%)     0/4(  0%)      0/4(  0%)       0/4(  0%)
31:      0/24(  0%)     0/4(  0%)      0/4(  0%)       0/4(  0%)
32:      1/24(  4%)     0/4(  0%)      0/4(  0%)       0/4(  0%)
33:      1/24(  4%)     1/4( 25%)      0/4(  0%)       0/4(  0%)
34:      0/24(  0%)     0/4(  0%)      0/4(  0%)       0/4(  0%)
35:      0/24(  0%)     0/4(  0%)      0/4(  0%)       0/4(  0%)
36:      0/24(  0%)     0/4(  0%)      0/4(  0%)       0/4(  0%)
EA:      0/24(  0%)     0/4(  0%)      0/4(  0%)       0/4(  0%)


Device-Specific Information:                   c:\maxplus2\projects\cpu\ip.rpt
ip

** CLOCK SIGNALS **

Type     Fan-out       Name
INPUT        8         clk


Device-Specific Information:                   c:\maxplus2\projects\cpu\ip.rpt
ip

** EQUATIONS **

clk      : INPUT;
newValue0 : INPUT;
newValue1 : INPUT;
newValue2 : INPUT;
newValue3 : INPUT;
newValue4 : INPUT;
newValue5 : INPUT;
newValue6 : INPUT;
newValue7 : INPUT;
we       : INPUT;

-- Node name is 'addr0' from file "ip.tdf" line 14, column 6
-- Equation name is 'addr0', type is output 
addr0    =  curr7;

-- Node name is 'addr1' from file "ip.tdf" line 14, column 6
-- Equation name is 'addr1', type is output 
addr1    =  curr6;

-- Node name is 'addr2' from file "ip.tdf" line 14, column 6
-- Equation name is 'addr2', type is output 
addr2    =  curr5;

-- Node name is 'addr3' from file "ip.tdf" line 14, column 6
-- Equation name is 'addr3', type is output 
addr3    =  curr4;

-- Node name is 'addr4' from file "ip.tdf" line 14, column 6
-- Equation name is 'addr4', type is output 
addr4    =  curr3;

-- Node name is 'addr5' from file "ip.tdf" line 14, column 6
-- Equation name is 'addr5', type is output 
addr5    =  curr2;

-- Node name is 'addr6' from file "ip.tdf" line 14, column 6
-- Equation name is 'addr6', type is output 
addr6    =  curr1;

-- Node name is 'addr7' from file "ip.tdf" line 14, column 6
-- Equation name is 'addr7', type is output 
addr7    =  curr0;

-- Node name is 'curr0' from file "ip.tdf" line 9, column 6
-- Equation name is 'curr0', location is LC1_E1, type is buried.
curr0    = DFFE( _EQ001, GLOBAL( clk),  VCC,  VCC,  VCC);
  _EQ001 =  curr0 & !we
         #  newValue7 &  we;

-- Node name is 'curr1' from file "ip.tdf" line 9, column 6
-- Equation name is 'curr1', location is LC3_E1, type is buried.
curr1    = DFFE( _EQ002, GLOBAL( clk),  VCC,  VCC,  VCC);
  _EQ002 =  curr1 & !we
         #  newValue6 &  we;

-- Node name is 'curr2' from file "ip.tdf" line 9, column 6
-- Equation name is 'curr2', location is LC3_E9, type is buried.
curr2    = DFFE( _EQ003, GLOBAL( clk),  VCC,  VCC,  VCC);
  _EQ003 =  curr2 & !we
         #  newValue5 &  we;

-- Node name is 'curr3' from file "ip.tdf" line 9, column 6
-- Equation name is 'curr3', location is LC1_C18, type is buried.
curr3    = DFFE( _EQ004, GLOBAL( clk),  VCC,  VCC,  VCC);
  _EQ004 = !curr3 & !we
         #  newValue4 &  we;

-- Node name is 'curr4' from file "ip.tdf" line 9, column 6
-- Equation name is 'curr4', location is LC4_E1, type is buried.
curr4    = DFFE( _EQ005, GLOBAL( clk),  VCC,  VCC,  VCC);
  _EQ005 = !curr3 &  curr4 & !we
         #  curr3 & !curr4 & !we
         #  newValue3 &  we;

-- Node name is 'curr5' from file "ip.tdf" line 9, column 6
-- Equation name is 'curr5', location is LC6_E1, type is buried.
curr5    = DFFE( _EQ006, GLOBAL( clk),  VCC,  VCC,  VCC);
  _EQ006 =  curr5 & !_LC7_E1 & !we
         # !curr5 &  _LC7_E1 & !we
         #  newValue2 &  we;

-- Node name is 'curr6' from file "ip.tdf" line 9, column 6
-- Equation name is 'curr6', location is LC1_E9, type is buried.
curr6    = DFFE( _EQ007, GLOBAL( clk),  VCC,  VCC,  VCC);
  _EQ007 =  curr6 & !_LC5_E1 & !we
         # !curr6 &  _LC5_E1 & !we
         #  newValue1 &  we;

-- Node name is 'curr7' from file "ip.tdf" line 9, column 6
-- Equation name is 'curr7', location is LC2_F20, type is buried.
curr7    = DFFE( _EQ008, GLOBAL( clk),  VCC,  VCC,  VCC);
  _EQ008 =  curr7 & !_LC2_E1 & !we
         # !curr7 &  _LC2_E1 & !we
         #  newValue0 &  we;

-- Node name is ':73' from file "ip.tdf" line 13, column 49
-- Equation name is '_LC7_E1', type is buried 
_LC7_E1  = LCELL( _EQ009);
  _EQ009 =  curr3 &  curr4;

-- Node name is ':77' from file "ip.tdf" line 13, column 49
-- Equation name is '_LC5_E1', type is buried 
_LC5_E1  = LCELL( _EQ010);
  _EQ010 =  curr3 &  curr4 &  curr5;

-- Node name is ':81' from file "ip.tdf" line 13, column 49
-- Equation name is '_LC2_E1', type is buried 
_LC2_E1  = LCELL( _EQ011);
  _EQ011 =  curr3 &  curr4 &  curr5 &  curr6;



Project Information                            c:\maxplus2\projects\cpu\ip.rpt

** COMPILATION SETTINGS & TIMES **

Processing Menu Commands
------------------------

Design Doctor                             = off

Logic Synthesis:

   Synthesis Type Used                    = Multi-Level

   Default Synthesis Style                = NORMAL

      Logic option settings in 'NORMAL' style for 'ACEX1K' family

      CARRY_CHAIN                         = ignore
      CARRY_CHAIN_LENGTH                  = 32
      CASCADE_CHAIN                       = ignore
      CASCADE_CHAIN_LENGTH                = 2
      DECOMPOSE_GATES                     = on
      DUPLICATE_LOGIC_EXTRACTION          = on
      MINIMIZATION                        = full
      MULTI_LEVEL_FACTORING               = on
      NOT_GATE_PUSH_BACK                  = on
      REDUCE_LOGIC                        = on
      REFACTORIZATION                     = on
      REGISTER_OPTIMIZATION               = on
      RESYNTHESIZE_NETWORK                = on
      SLOW_SLEW_RATE                      = off
      SUBFACTOR_EXTRACTION                = on
      IGNORE_SOFT_BUFFERS                 = on
      USE_LPM_FOR_AHDL_OPERATORS          = off

   Other logic synthesis settings:

      Automatic Global Clock              = on
      Automatic Global Clear              = on
      Automatic Global Preset             = on
      Automatic Global Output Enable      = on
      Automatic Fast I/O                  = off
      Automatic Register Packing          = off
      Automatic Open-Drain Pins           = on
      Automatic Implement in EAB          = off
      Optimize                            = 5

Default Timing Specifications: None

Cut All Bidir Feedback Timing Paths       = on
Cut All Clear & Preset Timing Paths       = on

Ignore Timing Assignments                 = off

Functional SNF Extractor                  = off

Linked SNF Extractor                      = off
Timing SNF Extractor                      = on
Optimize Timing SNF                       = off
Generate AHDL TDO File                    = off
Fitter Settings                           = NORMAL
Use Quartus Fitter                        = on
Smart Recompile                           = off
Total Recompile                           = off

Interfaces Menu Commands
------------------------

EDIF Netlist Writer                       = off
Verilog Netlist Writer                    = off
VHDL Netlist Writer                       = off

Compilation Times
-----------------

   Compiler Netlist Extractor             00:00:00
   Database Builder                       00:00:00
   Logic Synthesizer                      00:00:00
   Partitioner                            00:00:00
   Fitter                                 00:00:01
   Timing SNF Extractor                   00:00:00
   Assembler                              00:00:01
   --------------------------             --------
   Total Time                             00:00:02


Memory Allocated
-----------------

Peak memory allocated during compilation  = 41,107K
