Project Information                            c:\maxplus2\projects\cpu\ir.rpt

MAX+plus II Compiler Report File
Version 9.6 3/22/2000
Compiled: 05/07/2017 16:27:22

Copyright (C) 1988-2000 Altera Corporation
Any megafunction design, and related net list (encrypted or decrypted),
support information, device programming or simulation file, and any other
associated documentation or information provided by Altera or a partner
under Altera's Megafunction Partnership Program may be used only to
program PLD devices (but not masked PLD devices) from Altera.  Any other
use of such megafunction design, net list, support information, device
programming or simulation file, or any other related documentation or
information is prohibited for any other purpose, including, but not
limited to modification, reverse engineering, de-compiling, or use with
any other silicon devices, unless such use is explicitly licensed under
a separate agreement with Altera or a megafunction partner.  Title to
the intellectual property, including patents, copyrights, trademarks,
trade secrets, or maskworks, embodied in any such megafunction design,
net list, support information, device programming or simulation file, or
any other related documentation or information provided by Altera or a
megafunction partner, remains with Altera, the megafunction partner, or
their respective licensors.  No other licenses, including any licenses
needed under any third party's intellectual property, are provided herein.



***** Project compilation was successful


Untitled


** DEVICE SUMMARY **

Chip/                     Input Output Bidir  Memory  Memory  			 LCs
POF       Device          Pins  Pins   Pins   Bits % Utilized  LCs  % Utilized

ir        EP1K30TC144-1    8      8      0    0         0  %    8        0  %

User Pins:                 8      8      0  



Project Information                            c:\maxplus2\projects\cpu\ir.rpt

** PROJECT COMPILATION MESSAGES **

Warning: Line 3, File c:\maxplus2\projects\cpu\ir.tdf:
   Group MSB will be "in0", overrides default order of bits or BIT0=LSB in Options Statement
Warning: Line 4, File c:\maxplus2\projects\cpu\ir.tdf:
   Group MSB will be "cmd0", overrides default order of bits or BIT0=LSB in Options Statement
Warning: Line 5, File c:\maxplus2\projects\cpu\ir.tdf:
   Group MSB will be "arg0", overrides default order of bits or BIT0=LSB in Options Statement


** PROJECT TIMING MESSAGES **

Warning: Timing characteristics of device EP1K30TC144-1 are preliminary


Device-Specific Information:                   c:\maxplus2\projects\cpu\ir.rpt
ir

***** Logic for device 'ir' compiled without errors.




Device: EP1K30TC144-1

ACEX 1K Configuration Scheme: Passive Serial

Device Options:
    User-Supplied Start-Up Clock               = OFF
    Auto-Restart Configuration on Frame Error  = OFF
    Release Clears Before Tri-States           = OFF
    Enable Chip_Wide Reset                     = OFF
    Enable Chip-Wide Output Enable             = OFF
    Enable INIT_DONE Output                    = OFF
    JTAG User Code                             = 7f
    MultiVolt I/O                              = OFF
    Enable Lock Output                         = OFF

                                                                                         
                                                                                         
                R R R   R   R R R R   R   R R   R             R R R     R   R R R R R R  
                E E E   E   E E E E   E   E E   E             E E E     E   E E E E E E  
                S S S   S   S S S S   S   S S   S V           S S S     S   S S S S S S  
                E E E   E   E E E E V E   E E   E C           E E E     E V E E E E E E  
                R R R   R   R R R R C R   R R   R C         a R R R a   R C R R R R R R  
                V V V i V G V V V V C V i V V G V I G G G G r V V V r i V C V V V V V V  
                E E E n E N E E E E I E n E E N E N N N N N g E E E g n E I E E E E E E  
                D D D 1 D D D D D D O D 2 D D D D T D D D D 4 D D D 1 3 D O D D D D D D  
              --------------------------------------------------------------------------_ 
             / 144 142 140 138 136 134 132 130 128 126 124 122 120 118 116 114 112 110   |_ 
            /    143 141 139 137 135 133 131 129 127 125 123 121 119 117 115 113 111 109    | 
      #TCK |  1                                                                         108 | ^DATA0 
^CONF_DONE |  2                                                                         107 | ^DCLK 
     ^nCEO |  3                                                                         106 | ^nCE 
      #TDO |  4                                                                         105 | #TDI 
     VCCIO |  5                                                                         104 | GND 
       GND |  6                                                                         103 | VCCINT 
  RESERVED |  7                                                                         102 | cmd2 
  RESERVED |  8                                                                         101 | RESERVED 
  RESERVED |  9                                                                         100 | RESERVED 
  RESERVED | 10                                                                          99 | in5 
  RESERVED | 11                                                                          98 | RESERVED 
       in4 | 12                                                                          97 | RESERVED 
      cmd1 | 13                                                                          96 | RESERVED 
  RESERVED | 14                                                                          95 | RESERVED 
       GND | 15                                                                          94 | VCCIO 
    VCCINT | 16                                                                          93 | GND 
  RESERVED | 17                                                                          92 | RESERVED 
  RESERVED | 18                                                                          91 | cmd0 
  RESERVED | 19                              EP1K30TC144-1                               90 | RESERVED 
  RESERVED | 20                                                                          89 | RESERVED 
  RESERVED | 21                                                                          88 | RESERVED 
  RESERVED | 22                                                                          87 | RESERVED 
  RESERVED | 23                                                                          86 | arg3 
     VCCIO | 24                                                                          85 | VCCINT 
       GND | 25                                                                          84 | GND 
       in7 | 26                                                                          83 | RESERVED 
       in6 | 27                                                                          82 | RESERVED 
  RESERVED | 28                                                                          81 | RESERVED 
  RESERVED | 29                                                                          80 | RESERVED 
       in0 | 30                                                                          79 | RESERVED 
  RESERVED | 31                                                                          78 | RESERVED 
  RESERVED | 32                                                                          77 | ^MSEL0 
  RESERVED | 33                                                                          76 | ^MSEL1 
      #TMS | 34                                                                          75 | VCCINT 
  ^nSTATUS | 35                                                                          74 | ^nCONFIG 
  RESERVED | 36                                                                          73 | arg2 
           |      38  40  42  44  46  48  50  52  54  56  58  60  62  64  66  68  70  72  _| 
            \   37  39  41  43  45  47  49  51  53  55  57  59  61  63  65  67  69  71   | 
             \--------------------------------------------------------------------------- 
                R R R G R R R R V R R R R V a G V G G G G G R R V R R R R G R R R R V R  
                E E E N E E E E C E E E E C r N C N N N N N E E C E E E E N E E E E C E  
                S S S D S S S S C S S S S C g D C D D D D D S S C S S S S D S S S S C S  
                E E E   E E E E I E E E E I 0   _       _   E E I E E E E   E E E E I E  
                R R R   R R R R O R R R R N     C       C   R R O R R R R   R R R R O R  
                V V V   V V V V   V V V V T     K       K   V V   V V V V   V V V V   V  
                E E E   E E E E   E E E E       L       L   E E   E E E E   E E E E   E  
                D D D   D D D D   D D D D       K       K   D D   D D D D   D D D D   D  
                                                                                         
                                                                                         


N.C. = No Connect. This pin has no internal connection to the device.
VCCINT = Dedicated power pin, which MUST be connected to VCC (2.5 volts).
VCCIO = Dedicated power pin, which MUST be connected to VCC (2.5 volts).
GND = Dedicated ground pin or unused dedicated input, which MUST be connected to GND.
RESERVED = Unused I/O pin, which MUST be left unconnected.

^ = Dedicated configuration pin.
+ = Reserved configuration pin, which is tri-stated during user mode.
* = Reserved configuration pin, which drives out in user mode.
PDn = Power Down pin. 
@ = Special-purpose pin. 
# = JTAG Boundary-Scan Testing/In-System Programming or Configuration Pin. The JTAG inputs TMS and TDI should be tied to VCC and TCK should be tied to GND when not in use.
& = JTAG pin used for I/O. When used as user I/O, JTAG pins must be kept stable before and during configuration.  JTAG pin stability prevents accidental loading of JTAG instructions.
$ = Pin has PCI I/O option enabled. Pin is neither '5.0 V'- nor '3.3 V'-tolerant. 


Device-Specific Information:                   c:\maxplus2\projects\cpu\ir.rpt
ir

** RESOURCE USAGE **

Logic                Column       Row                                   
Array                Interconnect Interconnect         Clears/     External  
Block   Logic Cells  Driven       Driven       Clocks  Presets   Interconnect
A20      1/ 8( 12%)   1/ 8( 12%)   0/ 8(  0%)    0/2    0/2       1/22(  4%)   
A34      1/ 8( 12%)   0/ 8(  0%)   1/ 8( 12%)    0/2    0/2       1/22(  4%)   
B2       1/ 8( 12%)   1/ 8( 12%)   0/ 8(  0%)    0/2    0/2       1/22(  4%)   
C9       1/ 8( 12%)   1/ 8( 12%)   0/ 8(  0%)    0/2    0/2       1/22(  4%)   
C36      1/ 8( 12%)   0/ 8(  0%)   1/ 8( 12%)    0/2    0/2       1/22(  4%)   
E17      1/ 8( 12%)   1/ 8( 12%)   0/ 8(  0%)    0/2    0/2       1/22(  4%)   
E18      1/ 8( 12%)   0/ 8(  0%)   1/ 8( 12%)    0/2    0/2       1/22(  4%)   
F18      1/ 8( 12%)   1/ 8( 12%)   0/ 8(  0%)    0/2    0/2       1/22(  4%)   


Embedded             Column       Row                                   
Array     Embedded   Interconnect Interconnect         Read/      External  
Block     Cells      Driven       Driven       Clocks  Write    Interconnect


Total dedicated input pins used:                 0/6      (  0%)
Total I/O pins used:                            16/96     ( 16%)
Total logic cells used:                          8/1728   (  0%)
Total embedded cells used:                       0/96     (  0%)
Total EABs used:                                 0/6      (  0%)
Average fan-in:                                 1.00/4    ( 25%)
Total fan-in:                                   8/6912    (  0%)

Total input pins required:                       8
Total input I/O cell registers required:         0
Total output pins required:                      8
Total output I/O cell registers required:        0
Total buried I/O cell registers required:        0
Total bidirectional pins required:               0
Total reserved pins required                     0
Total logic cells required:                      8
Total flipflops required:                        0
Total packed registers required:                 0
Total logic cells in carry chains:               0
Total number of carry chains:                    0
Total logic cells in cascade chains:             0
Total number of cascade chains:                  0
Total single-pin Clock Enables required:         0
Total single-pin Output Enables required:        0

Synthesized logic cells:                         8/1728   (  0%)

Logic Cell and Embedded Cell Counts

Column:  01  02  03  04  05  06  07  08  09  10  11  12  13  14  15  16  17  18  EA  19  20  21  22  23  24  25  26  27  28  29  30  31  32  33  34  35  36  Total(LC/EC)
 A:      0   0   0   0   0   0   0   0   0   0   0   0   0   0   0   0   0   0   0   0   1   0   0   0   0   0   0   0   0   0   0   0   0   0   1   0   0      2/0  
 B:      0   1   0   0   0   0   0   0   0   0   0   0   0   0   0   0   0   0   0   0   0   0   0   0   0   0   0   0   0   0   0   0   0   0   0   0   0      1/0  
 C:      0   0   0   0   0   0   0   0   1   0   0   0   0   0   0   0   0   0   0   0   0   0   0   0   0   0   0   0   0   0   0   0   0   0   0   0   1      2/0  
 D:      0   0   0   0   0   0   0   0   0   0   0   0   0   0   0   0   0   0   0   0   0   0   0   0   0   0   0   0   0   0   0   0   0   0   0   0   0      0/0  
 E:      0   0   0   0   0   0   0   0   0   0   0   0   0   0   0   0   1   1   0   0   0   0   0   0   0   0   0   0   0   0   0   0   0   0   0   0   0      2/0  
 F:      0   0   0   0   0   0   0   0   0   0   0   0   0   0   0   0   0   1   0   0   0   0   0   0   0   0   0   0   0   0   0   0   0   0   0   0   0      1/0  

Total:   0   1   0   0   0   0   0   0   1   0   0   0   0   0   0   0   1   2   0   0   1   0   0   0   0   0   0   0   0   0   0   0   0   0   1   0   1      8/0  



Device-Specific Information:                   c:\maxplus2\projects\cpu\ir.rpt
ir

** INPUTS **

                                                    Fan-In    Fan-Out
 Pin     LC     EC   Row  Col  Primitive    Code      INP  FBK  OUT  FBK  Name
  30      -     -    F    --      INPUT             ^    0    0    0    1  in0
 141      -     -    -    33      INPUT             ^    0    0    0    1  in1
 132      -     -    -    26      INPUT             ^    0    0    0    1  in2
 117      -     -    -    08      INPUT             ^    0    0    0    1  in3
  12      -     -    C    --      INPUT             ^    0    0    0    1  in4
  99      -     -    B    --      INPUT             ^    0    0    0    1  in5
  27      -     -    E    --      INPUT             ^    0    0    0    1  in6
  26      -     -    E    --      INPUT             ^    0    0    0    1  in7


Code:

s = Synthesized pin or logic cell
+ = Synchronous flipflop
/ = Slow slew-rate output
! = NOT gate push-back
r = Fitter-inserted logic cell
^ = Increased input delay
* = PCI I/O is enabled
@ = Uses single-pin Clock Enable
& = Uses single-pin Output Enable


Device-Specific Information:                   c:\maxplus2\projects\cpu\ir.rpt
ir

** OUTPUTS **

       Fed By Fed By                                Fan-In    Fan-Out
 Pin     LC     EC   Row  Col  Primitive    Code      INP  FBK  OUT  FBK  Name
  51      -     -    -    20     OUTPUT                 0    1    0    0  arg0
 118      -     -    -    09     OUTPUT                 0    1    0    0  arg1
  73      -     -    -    01     OUTPUT                 0    1    0    0  arg2
  86      -     -    E    --     OUTPUT                 0    1    0    0  arg3
 122      -     -    -    18     OUTPUT                 0    1    0    0  arg4
  91      -     -    D    --     OUTPUT                 0    1    0    0  cmd0
  13      -     -    C    --     OUTPUT                 0    1    0    0  cmd1
 102      -     -    A    --     OUTPUT                 0    1    0    0  cmd2


Code:

s = Synthesized pin or logic cell
+ = Synchronous flipflop
/ = Slow slew-rate output
! = NOT gate push-back
r = Fitter-inserted logic cell
^ = Increased input delay
* = PCI I/O is enabled
@ = Uses single-pin Clock Enable
& = Uses single-pin Output Enable


Device-Specific Information:                   c:\maxplus2\projects\cpu\ir.rpt
ir

** BURIED LOGIC **

                                                    Fan-In    Fan-Out
 IOC     LC     EC   Row  Col  Primitive    Code      INP  FBK  OUT  FBK  Name
   -      1     -    A    20      LCELL    s           1    0    1    0  arg0~1
   -      1     -    C    09      LCELL    s           1    0    1    0  arg1~1
   -      2     -    B    02      LCELL    s           1    0    1    0  arg2~1
   -      4     -    E    18      LCELL    s           1    0    1    0  arg3~1
   -      1     -    E    17      LCELL    s           1    0    1    0  arg4~1
   -      2     -    F    18      LCELL    s           1    0    1    0  cmd0~1
   -      2     -    C    36      LCELL    s           1    0    1    0  cmd1~1
   -      1     -    A    34      LCELL    s           1    0    1    0  cmd2~1


Code:

s = Synthesized pin or logic cell
+ = Synchronous flipflop
/ = Slow slew-rate output
! = NOT gate push-back
r = Fitter-inserted logic cell
^ = Increased input delay
* = PCI I/O is enabled
p = Packed register


Device-Specific Information:                   c:\maxplus2\projects\cpu\ir.rpt
ir

** FASTTRACK INTERCONNECT UTILIZATION **

Row FastTrack Interconnect:

          Global         Left Half-      Right Half-
         FastTrack       FastTrack       FastTrack 
Row     Interconnect    Interconnect    Interconnect    Input Pins     Output Pins     Bidir Pins
A:       2/144(  1%)     0/ 72(  0%)     1/ 72(  1%)    0/16(  0%)      1/16(  6%)     0/16(  0%)
B:       1/144(  0%)     0/ 72(  0%)     0/ 72(  0%)    1/16(  6%)      0/16(  0%)     0/16(  0%)
C:       1/144(  0%)     0/ 72(  0%)     2/ 72(  2%)    1/16(  6%)      1/16(  6%)     0/16(  0%)
D:       0/144(  0%)     1/ 72(  1%)     0/ 72(  0%)    0/16(  0%)      1/16(  6%)     0/16(  0%)
E:       2/144(  1%)     1/ 72(  1%)     0/ 72(  0%)    2/16( 12%)      1/16(  6%)     0/16(  0%)
F:       1/144(  0%)     0/ 72(  0%)     0/ 72(  0%)    1/16(  6%)      0/16(  0%)     0/16(  0%)


Column FastTrack Interconnect:

         FastTrack                                 
Column  Interconnect    Input Pins     Output Pins     Bidir Pins
01:      1/24(  4%)     0/4(  0%)      1/4( 25%)       0/4(  0%)
02:      0/24(  0%)     0/4(  0%)      0/4(  0%)       0/4(  0%)
03:      0/24(  0%)     0/4(  0%)      0/4(  0%)       0/4(  0%)
04:      0/24(  0%)     0/4(  0%)      0/4(  0%)       0/4(  0%)
05:      0/24(  0%)     0/4(  0%)      0/4(  0%)       0/4(  0%)
06:      0/24(  0%)     0/4(  0%)      0/4(  0%)       0/4(  0%)
07:      0/24(  0%)     0/4(  0%)      0/4(  0%)       0/4(  0%)
08:      1/24(  4%)     1/4( 25%)      0/4(  0%)       0/4(  0%)
09:      1/24(  4%)     0/4(  0%)      1/4( 25%)       0/4(  0%)
10:      0/24(  0%)     0/4(  0%)      0/4(  0%)       0/4(  0%)
11:      0/24(  0%)     0/4(  0%)      0/4(  0%)       0/4(  0%)
12:      0/24(  0%)     0/4(  0%)      0/4(  0%)       0/4(  0%)
13:      0/24(  0%)     0/4(  0%)      0/4(  0%)       0/4(  0%)
14:      0/24(  0%)     0/4(  0%)      0/4(  0%)       0/4(  0%)
15:      0/24(  0%)     0/4(  0%)      0/4(  0%)       0/4(  0%)
16:      0/24(  0%)     0/4(  0%)      0/4(  0%)       0/4(  0%)
17:      1/24(  4%)     0/4(  0%)      0/4(  0%)       0/4(  0%)
18:      1/24(  4%)     0/4(  0%)      1/4( 25%)       0/4(  0%)
19:      0/24(  0%)     0/4(  0%)      0/4(  0%)       0/4(  0%)
20:      1/24(  4%)     0/4(  0%)      1/4( 25%)       0/4(  0%)
21:      0/24(  0%)     0/4(  0%)      0/4(  0%)       0/4(  0%)
22:      0/24(  0%)     0/4(  0%)      0/4(  0%)       0/4(  0%)
23:      0/24(  0%)     0/4(  0%)      0/4(  0%)       0/4(  0%)
24:      0/24(  0%)     0/4(  0%)      0/4(  0%)       0/4(  0%)
25:      0/24(  0%)     0/4(  0%)      0/4(  0%)       0/4(  0%)
26:      1/24(  4%)     1/4( 25%)      0/4(  0%)       0/4(  0%)
27:      0/24(  0%)     0/4(  0%)      0/4(  0%)       0/4(  0%)
28:      0/24(  0%)     0/4(  0%)      0/4(  0%)       0/4(  0%)
29:      0/24(  0%)     0/4(  0%)      0/4(  0%)       0/4(  0%)
30:      0/24(  0%)     0/4(  0%)      0/4(  0%)       0/4(  0%)
31:      0/24(  0%)     0/4(  0%)      0/4(  0%)       0/4(  0%)
32:      0/24(  0%)     0/4(  0%)      0/4(  0%)       0/4(  0%)
33:      1/24(  4%)     1/4( 25%)      0/4(  0%)       0/4(  0%)
34:      0/24(  0%)     0/4(  0%)      0/4(  0%)       0/4(  0%)
35:      0/24(  0%)     0/4(  0%)      0/4(  0%)       0/4(  0%)
36:      0/24(  0%)     0/4(  0%)      0/4(  0%)       0/4(  0%)
EA:      0/24(  0%)     0/4(  0%)      0/4(  0%)       0/4(  0%)


Device-Specific Information:                   c:\maxplus2\projects\cpu\ir.rpt
ir

** EQUATIONS **

in0      : INPUT;
in1      : INPUT;
in2      : INPUT;
in3      : INPUT;
in4      : INPUT;
in5      : INPUT;
in6      : INPUT;
in7      : INPUT;

-- Node name is 'arg0~1' from file "ir.tdf" line 13, column 6
-- Equation name is 'arg0~1', location is LC1_A20, type is buried.
-- synthesized logic cell 
_LC1_A20 = LCELL( in3);

-- Node name is 'arg0' from file "ir.tdf" line 13, column 6
-- Equation name is 'arg0', type is output 
arg0     =  _LC1_A20;

-- Node name is 'arg1~1' from file "ir.tdf" line 13, column 6
-- Equation name is 'arg1~1', location is LC1_C9, type is buried.
-- synthesized logic cell 
_LC1_C9  = LCELL( in4);

-- Node name is 'arg1' from file "ir.tdf" line 13, column 6
-- Equation name is 'arg1', type is output 
arg1     =  _LC1_C9;

-- Node name is 'arg2~1' from file "ir.tdf" line 13, column 6
-- Equation name is 'arg2~1', location is LC2_B2, type is buried.
-- synthesized logic cell 
_LC2_B2  = LCELL( in5);

-- Node name is 'arg2' from file "ir.tdf" line 13, column 6
-- Equation name is 'arg2', type is output 
arg2     =  _LC2_B2;

-- Node name is 'arg3~1' from file "ir.tdf" line 13, column 6
-- Equation name is 'arg3~1', location is LC4_E18, type is buried.
-- synthesized logic cell 
_LC4_E18 = LCELL( in6);

-- Node name is 'arg3' from file "ir.tdf" line 13, column 6
-- Equation name is 'arg3', type is output 
arg3     =  _LC4_E18;

-- Node name is 'arg4~1' from file "ir.tdf" line 13, column 6
-- Equation name is 'arg4~1', location is LC1_E17, type is buried.
-- synthesized logic cell 
_LC1_E17 = LCELL( in7);

-- Node name is 'arg4' from file "ir.tdf" line 13, column 6
-- Equation name is 'arg4', type is output 
arg4     =  _LC1_E17;

-- Node name is 'cmd0~1' from file "ir.tdf" line 9, column 6
-- Equation name is 'cmd0~1', location is LC2_F18, type is buried.
-- synthesized logic cell 
_LC2_F18 = LCELL( in0);

-- Node name is 'cmd0' from file "ir.tdf" line 9, column 6
-- Equation name is 'cmd0', type is output 
cmd0     =  _LC2_F18;

-- Node name is 'cmd1~1' from file "ir.tdf" line 9, column 6
-- Equation name is 'cmd1~1', location is LC2_C36, type is buried.
-- synthesized logic cell 
_LC2_C36 = LCELL( in1);

-- Node name is 'cmd1' from file "ir.tdf" line 9, column 6
-- Equation name is 'cmd1', type is output 
cmd1     =  _LC2_C36;

-- Node name is 'cmd2~1' from file "ir.tdf" line 9, column 6
-- Equation name is 'cmd2~1', location is LC1_A34, type is buried.
-- synthesized logic cell 
_LC1_A34 = LCELL( in2);

-- Node name is 'cmd2' from file "ir.tdf" line 9, column 6
-- Equation name is 'cmd2', type is output 
cmd2     =  _LC1_A34;



Project Information                            c:\maxplus2\projects\cpu\ir.rpt

** COMPILATION SETTINGS & TIMES **

Processing Menu Commands
------------------------

Design Doctor                             = off

Logic Synthesis:

   Synthesis Type Used                    = Multi-Level

   Default Synthesis Style                = NORMAL

      Logic option settings in 'NORMAL' style for 'ACEX1K' family

      CARRY_CHAIN                         = ignore
      CARRY_CHAIN_LENGTH                  = 32
      CASCADE_CHAIN                       = ignore
      CASCADE_CHAIN_LENGTH                = 2
      DECOMPOSE_GATES                     = on
      DUPLICATE_LOGIC_EXTRACTION          = on
      MINIMIZATION                        = full
      MULTI_LEVEL_FACTORING               = on
      NOT_GATE_PUSH_BACK                  = on
      REDUCE_LOGIC                        = on
      REFACTORIZATION                     = on
      REGISTER_OPTIMIZATION               = on
      RESYNTHESIZE_NETWORK                = on
      SLOW_SLEW_RATE                      = off
      SUBFACTOR_EXTRACTION                = on
      IGNORE_SOFT_BUFFERS                 = on
      USE_LPM_FOR_AHDL_OPERATORS          = off

   Other logic synthesis settings:

      Automatic Global Clock              = on
      Automatic Global Clear              = on
      Automatic Global Preset             = on
      Automatic Global Output Enable      = on
      Automatic Fast I/O                  = off
      Automatic Register Packing          = off
      Automatic Open-Drain Pins           = on
      Automatic Implement in EAB          = off
      Optimize                            = 5

Default Timing Specifications: None

Cut All Bidir Feedback Timing Paths       = on
Cut All Clear & Preset Timing Paths       = on

Ignore Timing Assignments                 = off

Functional SNF Extractor                  = off

Linked SNF Extractor                      = off
Timing SNF Extractor                      = on
Optimize Timing SNF                       = off
Generate AHDL TDO File                    = off
Fitter Settings                           = NORMAL
Use Quartus Fitter                        = on
Smart Recompile                           = off
Total Recompile                           = off

Interfaces Menu Commands
------------------------

EDIF Netlist Writer                       = off
Verilog Netlist Writer                    = off
VHDL Netlist Writer                       = off

Compilation Times
-----------------

   Compiler Netlist Extractor             00:00:00
   Database Builder                       00:00:00
   Logic Synthesizer                      00:00:00
   Partitioner                            00:00:00
   Fitter                                 00:00:01
   Timing SNF Extractor                   00:00:00
   Assembler                              00:00:00
   --------------------------             --------
   Total Time                             00:00:01


Memory Allocated
-----------------

Peak memory allocated during compilation  = 27,587K
