Project Information                          c:\maxplus2\projects\cpu\memu.rpt

MAX+plus II Compiler Report File
Version 9.6 3/22/2000
Compiled: 05/07/2017 18:01:37

Copyright (C) 1988-2000 Altera Corporation
Any megafunction design, and related net list (encrypted or decrypted),
support information, device programming or simulation file, and any other
associated documentation or information provided by Altera or a partner
under Altera's Megafunction Partnership Program may be used only to
program PLD devices (but not masked PLD devices) from Altera.  Any other
use of such megafunction design, net list, support information, device
programming or simulation file, or any other related documentation or
information is prohibited for any other purpose, including, but not
limited to modification, reverse engineering, de-compiling, or use with
any other silicon devices, unless such use is explicitly licensed under
a separate agreement with Altera or a megafunction partner.  Title to
the intellectual property, including patents, copyrights, trademarks,
trade secrets, or maskworks, embodied in any such megafunction design,
net list, support information, device programming or simulation file, or
any other related documentation or information provided by Altera or a
megafunction partner, remains with Altera, the megafunction partner, or
their respective licensors.  No other licenses, including any licenses
needed under any third party's intellectual property, are provided herein.



***** Project compilation was successful


Untitled


** DEVICE SUMMARY **

Chip/                     Input Output Bidir  Memory  Memory  			 LCs
POF       Device          Pins  Pins   Pins   Bits % Utilized  LCs  % Utilized

memu      EP1K30TC144-1    8      8      0    2048      8  %    8        0  %

User Pins:                 8      8      0  



Project Information                          c:\maxplus2\projects\cpu\memu.rpt

** PROJECT TIMING MESSAGES **

Warning: Timing characteristics of device EP1K30TC144-1 are preliminary


Project Information                          c:\maxplus2\projects\cpu\memu.rpt

** EMBEDDED ARRAYS **


|lpm_rom:mem|altrom:srom|content: MEMORY (
               width        =    8;
               depth        =  256;
               segmentsize  =  256;
               mode         = MEM_READONLY#MEM_INITIALIZED;
               file         = "commands.mif";
         )
         OF SEGMENTS (
               |lpm_rom:mem|altrom:srom|segment0_7,
               |lpm_rom:mem|altrom:srom|segment0_6,
               |lpm_rom:mem|altrom:srom|segment0_5,
               |lpm_rom:mem|altrom:srom|segment0_4,
               |lpm_rom:mem|altrom:srom|segment0_3,
               |lpm_rom:mem|altrom:srom|segment0_2,
               |lpm_rom:mem|altrom:srom|segment0_1,
               |lpm_rom:mem|altrom:srom|segment0_0
);




Project Information                          c:\maxplus2\projects\cpu\memu.rpt

** FILE HIERARCHY **



|lpm_rom:mem|
|lpm_rom:mem|altrom:srom|


Device-Specific Information:                 c:\maxplus2\projects\cpu\memu.rpt
memu

***** Logic for device 'memu' compiled without errors.




Device: EP1K30TC144-1

ACEX 1K Configuration Scheme: Passive Serial

Device Options:
    User-Supplied Start-Up Clock               = OFF
    Auto-Restart Configuration on Frame Error  = OFF
    Release Clears Before Tri-States           = OFF
    Enable Chip_Wide Reset                     = OFF
    Enable Chip-Wide Output Enable             = OFF
    Enable INIT_DONE Output                    = OFF
    JTAG User Code                             = 7f
    MultiVolt I/O                              = OFF
    Enable Lock Output                         = OFF

                                                                                         
                                                                                         
                R R R   R   R R R R   R   R R   R             R R R     R   R R R R R R  
                E E E   E   E E E E   E   E E   E           r E E E r   E   E E E E E E  
                S S S   S   S S S S   S   S S   S V         e S S S e   S   S S S S S S  
                E E E a E   E E E E V E a E E   E C         s E E E s a E V E E E E E E  
                R R R d R   R R R R C R d R R   R C         u R R R u d R C R R R R R R  
                V V V d V G V V V V C V d V V G V I G G G G l V V V l d V C V V V V V V  
                E E E r E N E E E E I E r E E N E N N N N N t E E E t r E I E E E E E E  
                D D D 1 D D D D D D O D 2 D D D D T D D D D 4 D D D 1 3 D O D D D D D D  
              --------------------------------------------------------------------------_ 
             / 144 142 140 138 136 134 132 130 128 126 124 122 120 118 116 114 112 110   |_ 
            /    143 141 139 137 135 133 131 129 127 125 123 121 119 117 115 113 111 109    | 
      #TCK |  1                                                                         108 | ^DATA0 
^CONF_DONE |  2                                                                         107 | ^DCLK 
     ^nCEO |  3                                                                         106 | ^nCE 
      #TDO |  4                                                                         105 | #TDI 
     VCCIO |  5                                                                         104 | GND 
       GND |  6                                                                         103 | VCCINT 
  RESERVED |  7                                                                         102 | result7 
  RESERVED |  8                                                                         101 | RESERVED 
  RESERVED |  9                                                                         100 | RESERVED 
  RESERVED | 10                                                                          99 | addr5 
  RESERVED | 11                                                                          98 | RESERVED 
     addr4 | 12                                                                          97 | RESERVED 
   result6 | 13                                                                          96 | RESERVED 
  RESERVED | 14                                                                          95 | RESERVED 
       GND | 15                                                                          94 | VCCIO 
    VCCINT | 16                                                                          93 | GND 
  RESERVED | 17                                                                          92 | RESERVED 
  RESERVED | 18                                                                          91 | result5 
  RESERVED | 19                              EP1K30TC144-1                               90 | RESERVED 
  RESERVED | 20                                                                          89 | RESERVED 
  RESERVED | 21                                                                          88 | RESERVED 
  RESERVED | 22                                                                          87 | RESERVED 
  RESERVED | 23                                                                          86 | result3 
     VCCIO | 24                                                                          85 | VCCINT 
       GND | 25                                                                          84 | GND 
     addr7 | 26                                                                          83 | RESERVED 
     addr6 | 27                                                                          82 | RESERVED 
  RESERVED | 28                                                                          81 | RESERVED 
  RESERVED | 29                                                                          80 | RESERVED 
     addr0 | 30                                                                          79 | RESERVED 
  RESERVED | 31                                                                          78 | RESERVED 
  RESERVED | 32                                                                          77 | ^MSEL0 
  RESERVED | 33                                                                          76 | ^MSEL1 
      #TMS | 34                                                                          75 | VCCINT 
  ^nSTATUS | 35                                                                          74 | ^nCONFIG 
  RESERVED | 36                                                                          73 | result2 
           |      38  40  42  44  46  48  50  52  54  56  58  60  62  64  66  68  70  72  _| 
            \   37  39  41  43  45  47  49  51  53  55  57  59  61  63  65  67  69  71   | 
             \--------------------------------------------------------------------------- 
                R R R G R R R R V R R R R V r G V G G G G G R R V R R R R G R R R R V R  
                E E E N E E E E C E E E E C e N C N N N N N E E C E E E E N E E E E C E  
                S S S D S S S S C S S S S C s D C D D D D D S S C S S S S D S S S S C S  
                E E E   E E E E I E E E E I u   _       _   E E I E E E E   E E E E I E  
                R R R   R R R R O R R R R N l   C       C   R R O R R R R   R R R R O R  
                V V V   V V V V   V V V V T t   K       K   V V   V V V V   V V V V   V  
                E E E   E E E E   E E E E   0   L       L   E E   E E E E   E E E E   E  
                D D D   D D D D   D D D D       K       K   D D   D D D D   D D D D   D  
                                                                                         
                                                                                         


N.C. = No Connect. This pin has no internal connection to the device.
VCCINT = Dedicated power pin, which MUST be connected to VCC (2.5 volts).
VCCIO = Dedicated power pin, which MUST be connected to VCC (2.5 volts).
GND = Dedicated ground pin or unused dedicated input, which MUST be connected to GND.
RESERVED = Unused I/O pin, which MUST be left unconnected.

^ = Dedicated configuration pin.
+ = Reserved configuration pin, which is tri-stated during user mode.
* = Reserved configuration pin, which drives out in user mode.
PDn = Power Down pin. 
@ = Special-purpose pin. 
# = JTAG Boundary-Scan Testing/In-System Programming or Configuration Pin. The JTAG inputs TMS and TDI should be tied to VCC and TCK should be tied to GND when not in use.
& = JTAG pin used for I/O. When used as user I/O, JTAG pins must be kept stable before and during configuration.  JTAG pin stability prevents accidental loading of JTAG instructions.
$ = Pin has PCI I/O option enabled. Pin is neither '5.0 V'- nor '3.3 V'-tolerant. 


Device-Specific Information:                 c:\maxplus2\projects\cpu\memu.rpt
memu

** RESOURCE USAGE **

Logic                Column       Row                                   
Array                Interconnect Interconnect         Clears/     External  
Block   Logic Cells  Driven       Driven       Clocks  Presets   Interconnect
A13      1/ 8( 12%)   0/ 8(  0%)   1/ 8( 12%)    0/2    0/2       1/22(  4%)   
D3       1/ 8( 12%)   0/ 8(  0%)   1/ 8( 12%)    0/2    0/2       1/22(  4%)   
E2       1/ 8( 12%)   1/ 8( 12%)   0/ 8(  0%)    0/2    0/2       1/22(  4%)   
E9       1/ 8( 12%)   1/ 8( 12%)   0/ 8(  0%)    0/2    0/2       1/22(  4%)   
E11      1/ 8( 12%)   0/ 8(  0%)   1/ 8( 12%)    0/2    0/2       1/22(  4%)   
E17      1/ 8( 12%)   1/ 8( 12%)   0/ 8(  0%)    0/2    0/2       1/22(  4%)   
E19      1/ 8( 12%)   1/ 8( 12%)   0/ 8(  0%)    0/2    0/2       1/22(  4%)   
E23      1/ 8( 12%)   1/ 8( 12%)   0/ 8(  0%)    0/2    0/2       1/22(  4%)   


Embedded             Column       Row                                   
Array     Embedded   Interconnect Interconnect         Read/      External  
Block     Cells      Driven       Driven       Clocks  Write    Interconnect
E37      8/16( 50%)   2/16( 12%)   6/16( 37%)    0/2    2/6       8/88(  9%)   


Total dedicated input pins used:                 0/6      (  0%)
Total I/O pins used:                            16/96     ( 16%)
Total logic cells used:                          8/1728   (  0%)
Total embedded cells used:                       8/96     (  8%)
Total EABs used:                                 1/6      ( 16%)
Average fan-in:                                 1.00/4    ( 25%)
Total fan-in:                                   8/6912    (  0%)

Total input pins required:                       8
Total input I/O cell registers required:         0
Total output pins required:                      8
Total output I/O cell registers required:        0
Total buried I/O cell registers required:        0
Total bidirectional pins required:               0
Total reserved pins required                     0
Total logic cells required:                      8
Total flipflops required:                        0
Total packed registers required:                 0
Total logic cells in carry chains:               0
Total number of carry chains:                    0
Total logic cells in cascade chains:             0
Total number of cascade chains:                  0
Total single-pin Clock Enables required:         0
Total single-pin Output Enables required:        0
Logic cells inserted for fitting:                8

Synthesized logic cells:                         8/1728   (  0%)

Logic Cell and Embedded Cell Counts

Column:  01  02  03  04  05  06  07  08  09  10  11  12  13  14  15  16  17  18  EA  19  20  21  22  23  24  25  26  27  28  29  30  31  32  33  34  35  36  Total(LC/EC)
 A:      0   0   0   0   0   0   0   0   0   0   0   0   1   0   0   0   0   0   0   0   0   0   0   0   0   0   0   0   0   0   0   0   0   0   0   0   0      1/0  
 B:      0   0   0   0   0   0   0   0   0   0   0   0   0   0   0   0   0   0   0   0   0   0   0   0   0   0   0   0   0   0   0   0   0   0   0   0   0      0/0  
 C:      0   0   0   0   0   0   0   0   0   0   0   0   0   0   0   0   0   0   0   0   0   0   0   0   0   0   0   0   0   0   0   0   0   0   0   0   0      0/0  
 D:      0   0   1   0   0   0   0   0   0   0   0   0   0   0   0   0   0   0   0   0   0   0   0   0   0   0   0   0   0   0   0   0   0   0   0   0   0      1/0  
 E:      0   1   0   0   0   0   0   0   1   0   1   0   0   0   0   0   1   0   8   1   0   0   0   1   0   0   0   0   0   0   0   0   0   0   0   0   0      6/8  
 F:      0   0   0   0   0   0   0   0   0   0   0   0   0   0   0   0   0   0   0   0   0   0   0   0   0   0   0   0   0   0   0   0   0   0   0   0   0      0/0  

Total:   0   1   1   0   0   0   0   0   1   0   1   0   1   0   0   0   1   0   8   1   0   0   0   1   0   0   0   0   0   0   0   0   0   0   0   0   0      8/8  



Device-Specific Information:                 c:\maxplus2\projects\cpu\memu.rpt
memu

** INPUTS **

                                                    Fan-In    Fan-Out
 Pin     LC     EC   Row  Col  Primitive    Code      INP  FBK  OUT  FBK  Name
  30      -     -    F    --      INPUT             ^    0    0    0    8  addr0
 141      -     -    -    33      INPUT             ^    0    0    0    8  addr1
 132      -     -    -    26      INPUT             ^    0    0    0    8  addr2
 117      -     -    -    08      INPUT             ^    0    0    0    8  addr3
  12      -     -    C    --      INPUT             ^    0    0    0    8  addr4
  99      -     -    B    --      INPUT             ^    0    0    0    8  addr5
  27      -     -    E    --      INPUT             ^    0    0    0    8  addr6
  26      -     -    E    --      INPUT             ^    0    0    0    8  addr7


Code:

s = Synthesized pin or logic cell
+ = Synchronous flipflop
/ = Slow slew-rate output
! = NOT gate push-back
r = Fitter-inserted logic cell
^ = Increased input delay
* = PCI I/O is enabled
@ = Uses single-pin Clock Enable
& = Uses single-pin Output Enable


Device-Specific Information:                 c:\maxplus2\projects\cpu\memu.rpt
memu

** OUTPUTS **

       Fed By Fed By                                Fan-In    Fan-Out
 Pin     LC     EC   Row  Col  Primitive    Code      INP  FBK  OUT  FBK  Name
  51      -     -    -    20     OUTPUT                 0    1    0    0  result0
 118      -     -    -    09     OUTPUT                 0    1    0    0  result1
  73      -     -    -    01     OUTPUT                 0    1    0    0  result2
  86      -     -    E    --     OUTPUT                 0    1    0    0  result3
 122      -     -    -    18     OUTPUT                 0    1    0    0  result4
  91      -     -    D    --     OUTPUT                 0    1    0    0  result5
  13      -     -    C    --     OUTPUT                 0    1    0    0  result6
 102      -     -    A    --     OUTPUT                 0    1    0    0  result7


Code:

s = Synthesized pin or logic cell
+ = Synchronous flipflop
/ = Slow slew-rate output
! = NOT gate push-back
r = Fitter-inserted logic cell
^ = Increased input delay
* = PCI I/O is enabled
@ = Uses single-pin Clock Enable
& = Uses single-pin Output Enable


Device-Specific Information:                 c:\maxplus2\projects\cpu\memu.rpt
memu

** BURIED LOGIC **

                                                    Fan-In    Fan-Out
 IOC     LC     EC   Row  Col  Primitive    Code      INP  FBK  OUT  FBK  Name
   -      -     4    E    --   MEM_SGMT                8    0    0    1  |lpm_rom:mem|altrom:srom|segment0_0
   -      -    11    E    --   MEM_SGMT                8    0    0    1  |lpm_rom:mem|altrom:srom|segment0_1
   -      -     3    E    --   MEM_SGMT                8    0    0    1  |lpm_rom:mem|altrom:srom|segment0_2
   -      -     9    E    --   MEM_SGMT                8    0    0    1  |lpm_rom:mem|altrom:srom|segment0_3
   -      -     1    E    --   MEM_SGMT                8    0    0    1  |lpm_rom:mem|altrom:srom|segment0_4
   -      -    12    E    --   MEM_SGMT                8    0    0    1  |lpm_rom:mem|altrom:srom|segment0_5
   -      -     2    E    --   MEM_SGMT                8    0    0    1  |lpm_rom:mem|altrom:srom|segment0_6
   -      -    10    E    --   MEM_SGMT                8    0    0    1  |lpm_rom:mem|altrom:srom|segment0_7
   -      2     -    E    19       SOFT    s    r      0    1    1    0  result0~fit~in1
   -      1     -    E    09       SOFT    s    r      0    1    1    0  result1~fit~in1
   -      2     -    E    02       SOFT    s    r      0    1    1    0  result2~fit~in1
   -      4     -    E    11       SOFT    s    r      0    1    1    0  result3~fit~in1
   -      4     -    E    17       SOFT    s    r      0    1    1    0  result4~fit~in1
   -      3     -    D    03       SOFT    s    r      0    1    1    0  result5~fit~in1
   -      3     -    E    23       SOFT    s    r      0    1    1    0  result6~fit~in1
   -      1     -    A    13       SOFT    s    r      0    1    1    0  result7~fit~in1


Code:

s = Synthesized pin or logic cell
+ = Synchronous flipflop
/ = Slow slew-rate output
! = NOT gate push-back
r = Fitter-inserted logic cell
^ = Increased input delay
* = PCI I/O is enabled
p = Packed register


Device-Specific Information:                 c:\maxplus2\projects\cpu\memu.rpt
memu

** FASTTRACK INTERCONNECT UTILIZATION **

Row FastTrack Interconnect:

          Global         Left Half-      Right Half-
         FastTrack       FastTrack       FastTrack 
Row     Interconnect    Interconnect    Interconnect    Input Pins     Output Pins     Bidir Pins
A:       1/144(  0%)     1/ 72(  1%)     0/ 72(  0%)    0/16(  0%)      1/16(  6%)     0/16(  0%)
B:       1/144(  0%)     0/ 72(  0%)     0/ 72(  0%)    1/16(  6%)      0/16(  0%)     0/16(  0%)
C:       1/144(  0%)     0/ 72(  0%)     1/ 72(  1%)    1/16(  6%)      1/16(  6%)     0/16(  0%)
D:       1/144(  0%)     1/ 72(  1%)     0/ 72(  0%)    0/16(  0%)      1/16(  6%)     0/16(  0%)
E:      13/144(  9%)     2/ 72(  2%)     0/ 72(  0%)    2/16( 12%)      1/16(  6%)     0/16(  0%)
F:       1/144(  0%)     0/ 72(  0%)     0/ 72(  0%)    1/16(  6%)      0/16(  0%)     0/16(  0%)


Column FastTrack Interconnect:

         FastTrack                                 
Column  Interconnect    Input Pins     Output Pins     Bidir Pins
01:      1/24(  4%)     0/4(  0%)      1/4( 25%)       0/4(  0%)
02:      0/24(  0%)     0/4(  0%)      0/4(  0%)       0/4(  0%)
03:      0/24(  0%)     0/4(  0%)      0/4(  0%)       0/4(  0%)
04:      0/24(  0%)     0/4(  0%)      0/4(  0%)       0/4(  0%)
05:      0/24(  0%)     0/4(  0%)      0/4(  0%)       0/4(  0%)
06:      0/24(  0%)     0/4(  0%)      0/4(  0%)       0/4(  0%)
07:      0/24(  0%)     0/4(  0%)      0/4(  0%)       0/4(  0%)
08:      1/24(  4%)     1/4( 25%)      0/4(  0%)       0/4(  0%)
09:      1/24(  4%)     0/4(  0%)      1/4( 25%)       0/4(  0%)
10:      0/24(  0%)     0/4(  0%)      0/4(  0%)       0/4(  0%)
11:      0/24(  0%)     0/4(  0%)      0/4(  0%)       0/4(  0%)
12:      0/24(  0%)     0/4(  0%)      0/4(  0%)       0/4(  0%)
13:      0/24(  0%)     0/4(  0%)      0/4(  0%)       0/4(  0%)
14:      0/24(  0%)     0/4(  0%)      0/4(  0%)       0/4(  0%)
15:      0/24(  0%)     0/4(  0%)      0/4(  0%)       0/4(  0%)
16:      0/24(  0%)     0/4(  0%)      0/4(  0%)       0/4(  0%)
17:      0/24(  0%)     0/4(  0%)      0/4(  0%)       0/4(  0%)
18:      1/24(  4%)     0/4(  0%)      1/4( 25%)       0/4(  0%)
19:      0/24(  0%)     0/4(  0%)      0/4(  0%)       0/4(  0%)
20:      1/24(  4%)     0/4(  0%)      1/4( 25%)       0/4(  0%)
21:      0/24(  0%)     0/4(  0%)      0/4(  0%)       0/4(  0%)
22:      0/24(  0%)     0/4(  0%)      0/4(  0%)       0/4(  0%)
23:      0/24(  0%)     0/4(  0%)      0/4(  0%)       0/4(  0%)
24:      1/24(  4%)     0/4(  0%)      0/4(  0%)       0/4(  0%)
25:      0/24(  0%)     0/4(  0%)      0/4(  0%)       0/4(  0%)
26:      1/24(  4%)     1/4( 25%)      0/4(  0%)       0/4(  0%)
27:      0/24(  0%)     0/4(  0%)      0/4(  0%)       0/4(  0%)
28:      0/24(  0%)     0/4(  0%)      0/4(  0%)       0/4(  0%)
29:      1/24(  4%)     0/4(  0%)      0/4(  0%)       0/4(  0%)
30:      0/24(  0%)     0/4(  0%)      0/4(  0%)       0/4(  0%)
31:      0/24(  0%)     0/4(  0%)      0/4(  0%)       0/4(  0%)
32:      0/24(  0%)     0/4(  0%)      0/4(  0%)       0/4(  0%)
33:      1/24(  4%)     1/4( 25%)      0/4(  0%)       0/4(  0%)
34:      0/24(  0%)     0/4(  0%)      0/4(  0%)       0/4(  0%)
35:      0/24(  0%)     0/4(  0%)      0/4(  0%)       0/4(  0%)
36:      2/24(  8%)     0/4(  0%)      0/4(  0%)       0/4(  0%)
EA:      2/24(  8%)     0/4(  0%)      0/4(  0%)       0/4(  0%)


Device-Specific Information:                 c:\maxplus2\projects\cpu\memu.rpt
memu

** EQUATIONS **

addr0    : INPUT;
addr1    : INPUT;
addr2    : INPUT;
addr3    : INPUT;
addr4    : INPUT;
addr5    : INPUT;
addr6    : INPUT;
addr7    : INPUT;

-- Node name is 'result0~fit~in1' from file "memu.tdf" line 17, column 8
-- Equation name is 'result0~fit~in1', location is LC2_E19, type is buried.
-- synthesized logic cell 
_LC2_E19 = LCELL( _EC10_E);

-- Node name is 'result0' from file "memu.tdf" line 17, column 8
-- Equation name is 'result0', type is output 
result0  =  _LC2_E19;

-- Node name is 'result1~fit~in1' from file "memu.tdf" line 17, column 8
-- Equation name is 'result1~fit~in1', location is LC1_E9, type is buried.
-- synthesized logic cell 
_LC1_E9  = LCELL( _EC2_E);

-- Node name is 'result1' from file "memu.tdf" line 17, column 8
-- Equation name is 'result1', type is output 
result1  =  _LC1_E9;

-- Node name is 'result2~fit~in1' from file "memu.tdf" line 17, column 8
-- Equation name is 'result2~fit~in1', location is LC2_E2, type is buried.
-- synthesized logic cell 
_LC2_E2  = LCELL( _EC12_E);

-- Node name is 'result2' from file "memu.tdf" line 17, column 8
-- Equation name is 'result2', type is output 
result2  =  _LC2_E2;

-- Node name is 'result3~fit~in1' from file "memu.tdf" line 17, column 8
-- Equation name is 'result3~fit~in1', location is LC4_E11, type is buried.
-- synthesized logic cell 
_LC4_E11 = LCELL( _EC1_E);

-- Node name is 'result3' from file "memu.tdf" line 17, column 8
-- Equation name is 'result3', type is output 
result3  =  _LC4_E11;

-- Node name is 'result4~fit~in1' from file "memu.tdf" line 17, column 8
-- Equation name is 'result4~fit~in1', location is LC4_E17, type is buried.
-- synthesized logic cell 
_LC4_E17 = LCELL( _EC9_E);

-- Node name is 'result4' from file "memu.tdf" line 17, column 8
-- Equation name is 'result4', type is output 
result4  =  _LC4_E17;

-- Node name is 'result5~fit~in1' from file "memu.tdf" line 17, column 8
-- Equation name is 'result5~fit~in1', location is LC3_D3, type is buried.
-- synthesized logic cell 
_LC3_D3  = LCELL( _EC3_E);

-- Node name is 'result5' from file "memu.tdf" line 17, column 8
-- Equation name is 'result5', type is output 
result5  =  _LC3_D3;

-- Node name is 'result6~fit~in1' from file "memu.tdf" line 17, column 8
-- Equation name is 'result6~fit~in1', location is LC3_E23, type is buried.
-- synthesized logic cell 
_LC3_E23 = LCELL( _EC11_E);

-- Node name is 'result6' from file "memu.tdf" line 17, column 8
-- Equation name is 'result6', type is output 
result6  =  _LC3_E23;

-- Node name is 'result7~fit~in1' from file "memu.tdf" line 17, column 8
-- Equation name is 'result7~fit~in1', location is LC1_A13, type is buried.
-- synthesized logic cell 
_LC1_A13 = LCELL( _EC4_E);

-- Node name is 'result7' from file "memu.tdf" line 17, column 8
-- Equation name is 'result7', type is output 
result7  =  _LC1_A13;

-- Node name is '|lpm_rom:mem|altrom:srom|segment0_0' from file "altrom.tdf" line 92, column 11
-- Equation name is '_EC4_E', type is memory 
_EC4_E   = MEMORY_SEGMENT( VCC, VCC, VCC, GND, VCC, addr7, addr6, addr5, addr4, addr3, addr2, addr1, addr0, VCC, VCC, VCC, addr7, addr6, addr5, addr4, addr3, addr2, addr1, addr0, VCC, VCC, VCC, VCC, VCC, VCC);

-- Node name is '|lpm_rom:mem|altrom:srom|segment0_1' from file "altrom.tdf" line 92, column 11
-- Equation name is '_EC11_E', type is memory 
_EC11_E  = MEMORY_SEGMENT( VCC, VCC, VCC, GND, VCC, addr7, addr6, addr5, addr4, addr3, addr2, addr1, addr0, VCC, VCC, VCC, addr7, addr6, addr5, addr4, addr3, addr2, addr1, addr0, VCC, VCC, VCC, VCC, VCC, VCC);

-- Node name is '|lpm_rom:mem|altrom:srom|segment0_2' from file "altrom.tdf" line 92, column 11
-- Equation name is '_EC3_E', type is memory 
_EC3_E   = MEMORY_SEGMENT( VCC, VCC, VCC, GND, VCC, addr7, addr6, addr5, addr4, addr3, addr2, addr1, addr0, VCC, VCC, VCC, addr7, addr6, addr5, addr4, addr3, addr2, addr1, addr0, VCC, VCC, VCC, VCC, VCC, VCC);

-- Node name is '|lpm_rom:mem|altrom:srom|segment0_3' from file "altrom.tdf" line 92, column 11
-- Equation name is '_EC9_E', type is memory 
_EC9_E   = MEMORY_SEGMENT( VCC, VCC, VCC, GND, VCC, addr7, addr6, addr5, addr4, addr3, addr2, addr1, addr0, VCC, VCC, VCC, addr7, addr6, addr5, addr4, addr3, addr2, addr1, addr0, VCC, VCC, VCC, VCC, VCC, VCC);

-- Node name is '|lpm_rom:mem|altrom:srom|segment0_4' from file "altrom.tdf" line 92, column 11
-- Equation name is '_EC1_E', type is memory 
_EC1_E   = MEMORY_SEGMENT( VCC, VCC, VCC, GND, VCC, addr7, addr6, addr5, addr4, addr3, addr2, addr1, addr0, VCC, VCC, VCC, addr7, addr6, addr5, addr4, addr3, addr2, addr1, addr0, VCC, VCC, VCC, VCC, VCC, VCC);

-- Node name is '|lpm_rom:mem|altrom:srom|segment0_5' from file "altrom.tdf" line 92, column 11
-- Equation name is '_EC12_E', type is memory 
_EC12_E  = MEMORY_SEGMENT( VCC, VCC, VCC, GND, VCC, addr7, addr6, addr5, addr4, addr3, addr2, addr1, addr0, VCC, VCC, VCC, addr7, addr6, addr5, addr4, addr3, addr2, addr1, addr0, VCC, VCC, VCC, VCC, VCC, VCC);

-- Node name is '|lpm_rom:mem|altrom:srom|segment0_6' from file "altrom.tdf" line 92, column 11
-- Equation name is '_EC2_E', type is memory 
_EC2_E   = MEMORY_SEGMENT( VCC, VCC, VCC, GND, VCC, addr7, addr6, addr5, addr4, addr3, addr2, addr1, addr0, VCC, VCC, VCC, addr7, addr6, addr5, addr4, addr3, addr2, addr1, addr0, VCC, VCC, VCC, VCC, VCC, VCC);

-- Node name is '|lpm_rom:mem|altrom:srom|segment0_7' from file "altrom.tdf" line 92, column 11
-- Equation name is '_EC10_E', type is memory 
_EC10_E  = MEMORY_SEGMENT( VCC, VCC, VCC, GND, VCC, addr7, addr6, addr5, addr4, addr3, addr2, addr1, addr0, VCC, VCC, VCC, addr7, addr6, addr5, addr4, addr3, addr2, addr1, addr0, VCC, VCC, VCC, VCC, VCC, VCC);



Project Information                          c:\maxplus2\projects\cpu\memu.rpt

** COMPILATION SETTINGS & TIMES **

Processing Menu Commands
------------------------

Design Doctor                             = off

Logic Synthesis:

   Synthesis Type Used                    = Multi-Level

   Default Synthesis Style                = NORMAL

      Logic option settings in 'NORMAL' style for 'ACEX1K' family

      CARRY_CHAIN                         = ignore
      CARRY_CHAIN_LENGTH                  = 32
      CASCADE_CHAIN                       = ignore
      CASCADE_CHAIN_LENGTH                = 2
      DECOMPOSE_GATES                     = on
      DUPLICATE_LOGIC_EXTRACTION          = on
      MINIMIZATION                        = full
      MULTI_LEVEL_FACTORING               = on
      NOT_GATE_PUSH_BACK                  = on
      REDUCE_LOGIC                        = on
      REFACTORIZATION                     = on
      REGISTER_OPTIMIZATION               = on
      RESYNTHESIZE_NETWORK                = on
      SLOW_SLEW_RATE                      = off
      SUBFACTOR_EXTRACTION                = on
      IGNORE_SOFT_BUFFERS                 = on
      USE_LPM_FOR_AHDL_OPERATORS          = off

   Other logic synthesis settings:

      Automatic Global Clock              = on
      Automatic Global Clear              = on
      Automatic Global Preset             = on
      Automatic Global Output Enable      = on
      Automatic Fast I/O                  = off
      Automatic Register Packing          = off
      Automatic Open-Drain Pins           = on
      Automatic Implement in EAB          = off
      Optimize                            = 5

Default Timing Specifications: None

Cut All Bidir Feedback Timing Paths       = on
Cut All Clear & Preset Timing Paths       = on

Ignore Timing Assignments                 = off

Functional SNF Extractor                  = off

Linked SNF Extractor                      = off
Timing SNF Extractor                      = on
Optimize Timing SNF                       = off
Generate AHDL TDO File                    = off
Fitter Settings                           = NORMAL
Use Quartus Fitter                        = on
Smart Recompile                           = off
Total Recompile                           = off

Interfaces Menu Commands
------------------------

EDIF Netlist Writer                       = off
Verilog Netlist Writer                    = off
VHDL Netlist Writer                       = off

Compilation Times
-----------------

   Compiler Netlist Extractor             00:00:00
   Database Builder                       00:00:00
   Logic Synthesizer                      00:00:00
   Partitioner                            00:00:01
   Fitter                                 00:00:00
   Timing SNF Extractor                   00:00:00
   Assembler                              00:00:01
   --------------------------             --------
   Total Time                             00:00:02


Memory Allocated
-----------------

Peak memory allocated during compilation  = 37,795K
